<?xml version="1.0" encoding="UTF-8"?>
<testsuite xmlns:xsi="http://www.w3.org/2001/XMLSchema-instance" xsi:noNamespaceSchemaLocation="https://maven.apache.org/surefire/maven-surefire-plugin/xsd/surefire-test-report.xsd" name="com.gitflic.core.service.oauth2.YandexOauth2ConnectOAuth2ServiceTest" time="0.261" tests="13" errors="0" skipped="0" failures="0">
  <properties>
    <property name="awt.toolkit" value="sun.awt.X11.XToolkit"/>
    <property name="java.specification.version" value="11"/>
    <property name="sun.cpu.isalist" value=""/>
    <property name="sun.jnu.encoding" value="UTF-8"/>
    <property name="java.class.path" value="/builds/gitflic/gitflic/core/target/test-classes:/builds/gitflic/gitflic/core/target/classes:/builds/gitflic/gitflic/.m2/repository/com/gitflic/dbcore/3.2.1/dbcore-3.2.1.jar:/builds/gitflic/gitflic/.m2/repository/org/springframework/boot/spring-boot-starter-data-jpa/2.7.18/spring-boot-starter-data-jpa-2.7.18.jar:/builds/gitflic/gitflic/.m2/repository/org/springframework/boot/spring-boot-starter-jdbc/2.7.18/spring-boot-starter-jdbc-2.7.18.jar:/builds/gitflic/gitflic/.m2/repository/com/zaxxer/HikariCP/4.0.3/HikariCP-4.0.3.jar:/builds/gitflic/gitflic/.m2/repository/jakarta/transaction/jakarta.transaction-api/1.3.3/jakarta.transaction-api-1.3.3.jar:/builds/gitflic/gitflic/.m2/repository/jakarta/persistence/jakarta.persistence-api/2.2.3/jakarta.persistence-api-2.2.3.jar:/builds/gitflic/gitflic/.m2/repository/org/hibernate/hibernate-core/5.6.15.Final/hibernate-core-5.6.15.Final.jar:/builds/gitflic/gitflic/.m2/repository/antlr/antlr/2.7.7/antlr-2.7.7.jar:/builds/gitflic/gitflic/.m2/repository/org/jboss/jandex/2.4.2.Final/jandex-2.4.2.Final.jar:/builds/gitflic/gitflic/.m2/repository/org/hibernate/common/hibernate-commons-annotations/5.1.2.Final/hibernate-commons-annotations-5.1.2.Final.jar:/builds/gitflic/gitflic/.m2/repository/org/glassfish/jaxb/jaxb-runtime/2.3.9/jaxb-runtime-2.3.9.jar:/builds/gitflic/gitflic/.m2/repository/org/glassfish/jaxb/txw2/2.3.9/txw2-2.3.9.jar:/builds/gitflic/gitflic/.m2/repository/com/sun/istack/istack-commons-runtime/3.0.12/istack-commons-runtime-3.0.12.jar:/builds/gitflic/gitflic/.m2/repository/org/springframework/data/spring-data-jpa/2.7.18/spring-data-jpa-2.7.18.jar:/builds/gitflic/gitflic/.m2/repository/org/springframework/data/spring-data-commons/2.7.18/spring-data-commons-2.7.18.jar:/builds/gitflic/gitflic/.m2/repository/org/springframework/spring-orm/5.3.31/spring-orm-5.3.31.jar:/builds/gitflic/gitflic/.m2/repository/org/springframework/spring-aspects/5.3.31/spring-aspects-5.3.31.jar:/builds/gitflic/gitflic/.m2/repository/org/flywaydb/flyway-core/8.5.13/flyway-core-8.5.13.jar:/builds/gitflic/gitflic/.m2/repository/org/postgresql/postgresql/42.3.8/postgresql-42.3.8.jar:/builds/gitflic/gitflic/.m2/repository/org/checkerframework/checker-qual/3.5.0/checker-qual-3.5.0.jar:/builds/gitflic/gitflic/.m2/repository/org/hibernate/hibernate-java8/5.6.15.Final/hibernate-java8-5.6.15.Final.jar:/builds/gitflic/gitflic/.m2/repository/org/jboss/logging/jboss-logging/3.4.3.Final/jboss-logging-3.4.3.Final.jar:/builds/gitflic/gitflic/.m2/repository/com/querydsl/querydsl-apt/5.0.0/querydsl-apt-5.0.0.jar:/builds/gitflic/gitflic/.m2/repository/com/querydsl/querydsl-codegen/5.0.0/querydsl-codegen-5.0.0.jar:/builds/gitflic/gitflic/.m2/repository/com/querydsl/codegen-utils/5.0.0/codegen-utils-5.0.0.jar:/builds/gitflic/gitflic/.m2/repository/org/eclipse/jdt/ecj/3.26.0/ecj-3.26.0.jar:/builds/gitflic/gitflic/.m2/repository/javax/inject/javax.inject/1/javax.inject-1.jar:/builds/gitflic/gitflic/.m2/repository/io/github/classgraph/classgraph/4.8.108/classgraph-4.8.108.jar:/builds/gitflic/gitflic/.m2/repository/com/vladmihalcea/hibernate-types-55/2.21.1/hibernate-types-55-2.21.1.jar:/builds/gitflic/gitflic/.m2/repository/com/querydsl/querydsl-jpa/5.0.0/querydsl-jpa-5.0.0.jar:/builds/gitflic/gitflic/.m2/repository/com/gitflic/runner-core/3.2.1/runner-core-3.2.1.jar:/builds/gitflic/gitflic/.m2/repository/org/antlr/antlr4-runtime/4.13.1/antlr4-runtime-4.13.1.jar:/builds/gitflic/gitflic/.m2/repository/com/google/re2j/re2j/1.6/re2j-1.6.jar:/builds/gitflic/gitflic/.m2/repository/org/apache/commons/commons-compress/1.21/commons-compress-1.21.jar:/builds/gitflic/gitflic/.m2/repository/org/eclipse/jgit/org.eclipse.jgit.lfs/6.8.0.202311151710-m2/org.eclipse.jgit.lfs-6.8.0.202311151710-m2.jar:/builds/gitflic/gitflic/.m2/repository/org/mockito/mockito-inline/4.11.0/mockito-inline-4.11.0.jar:/builds/gitflic/gitflic/.m2/repository/org/mockito/mockito-core/4.5.1/mockito-core-4.5.1.jar:/builds/gitflic/gitflic/.m2/repository/net/bytebuddy/byte-buddy-agent/1.12.23/byte-buddy-agent-1.12.23.jar:/builds/gitflic/gitflic/.m2/repository/org/objenesis/objenesis/3.2/objenesis-3.2.jar:/builds/gitflic/gitflic/.m2/repository/com/gitflic/antlr4-code-highlighter/highlight/1.2.2/highlight-1.2.2.jar:/builds/gitflic/gitflic/.m2/repository/com/gitflic/antlr4-code-highlighter/parser/1.2.2/parser-1.2.2.jar:/builds/gitflic/gitflic/.m2/repository/de/jflex/jflex/1.8.2/jflex-1.8.2.jar:/builds/gitflic/gitflic/.m2/repository/com/github/vbmacher/java-cup-runtime/11b-20160615/java-cup-runtime-11b-20160615.jar:/builds/gitflic/gitflic/.m2/repository/org/springframework/boot/spring-boot-starter-hateoas/2.7.18/spring-boot-starter-hateoas-2.7.18.jar:/builds/gitflic/gitflic/.m2/repository/org/springframework/boot/spring-boot-starter-web/2.7.18/spring-boot-starter-web-2.7.18.jar:/builds/gitflic/gitflic/.m2/repository/org/springframework/boot/spring-boot-starter-json/2.7.18/spring-boot-starter-json-2.7.18.jar:/builds/gitflic/gitflic/.m2/repository/com/fasterxml/jackson/datatype/jackson-datatype-jdk8/2.13.5/jackson-datatype-jdk8-2.13.5.jar:/builds/gitflic/gitflic/.m2/repository/com/fasterxml/jackson/datatype/jackson-datatype-jsr310/2.9.8/jackson-datatype-jsr310-2.9.8.jar:/builds/gitflic/gitflic/.m2/repository/com/fasterxml/jackson/module/jackson-module-parameter-names/2.13.5/jackson-module-parameter-names-2.13.5.jar:/builds/gitflic/gitflic/.m2/repository/org/springframework/boot/spring-boot-starter-tomcat/2.7.18/spring-boot-starter-tomcat-2.7.18.jar:/builds/gitflic/gitflic/.m2/repository/org/apache/tomcat/embed/tomcat-embed-core/9.0.89/tomcat-embed-core-9.0.89.jar:/builds/gitflic/gitflic/.m2/repository/org/apache/tomcat/embed/tomcat-embed-websocket/9.0.83/tomcat-embed-websocket-9.0.83.jar:/builds/gitflic/gitflic/.m2/repository/org/springframework/spring-webmvc/5.3.31/spring-webmvc-5.3.31.jar:/builds/gitflic/gitflic/.m2/repository/org/springframework/hateoas/spring-hateoas/1.5.6/spring-hateoas-1.5.6.jar:/builds/gitflic/gitflic/.m2/repository/org/springframework/plugin/spring-plugin-core/2.0.0.RELEASE/spring-plugin-core-2.0.0.RELEASE.jar:/builds/gitflic/gitflic/.m2/repository/org/springframework/boot/spring-boot-starter-validation/2.7.18/spring-boot-starter-validation-2.7.18.jar:/builds/gitflic/gitflic/.m2/repository/org/springframework/boot/spring-boot-starter/2.7.18/spring-boot-starter-2.7.18.jar:/builds/gitflic/gitflic/.m2/repository/org/springframework/boot/spring-boot-starter-logging/2.7.18/spring-boot-starter-logging-2.7.18.jar:/builds/gitflic/gitflic/.m2/repository/ch/qos/logback/logback-classic/1.2.12/logback-classic-1.2.12.jar:/builds/gitflic/gitflic/.m2/repository/ch/qos/logback/logback-core/1.2.12/logback-core-1.2.12.jar:/builds/gitflic/gitflic/.m2/repository/org/apache/logging/log4j/log4j-to-slf4j/2.17.2/log4j-to-slf4j-2.17.2.jar:/builds/gitflic/gitflic/.m2/repository/org/apache/logging/log4j/log4j-api/2.17.2/log4j-api-2.17.2.jar:/builds/gitflic/gitflic/.m2/repository/org/slf4j/jul-to-slf4j/1.7.36/jul-to-slf4j-1.7.36.jar:/builds/gitflic/gitflic/.m2/repository/jakarta/annotation/jakarta.annotation-api/1.3.5/jakarta.annotation-api-1.3.5.jar:/builds/gitflic/gitflic/.m2/repository/org/apache/tomcat/embed/tomcat-embed-el/9.0.83/tomcat-embed-el-9.0.83.jar:/builds/gitflic/gitflic/.m2/repository/org/hibernate/validator/hibernate-validator/6.2.5.Final/hibernate-validator-6.2.5.Final.jar:/builds/gitflic/gitflic/.m2/repository/jakarta/validation/jakarta.validation-api/2.0.2/jakarta.validation-api-2.0.2.jar:/builds/gitflic/gitflic/.m2/repository/com/fasterxml/classmate/1.5.1/classmate-1.5.1.jar:/builds/gitflic/gitflic/.m2/repository/org/jetbrains/annotations/24.0.1/annotations-24.0.1.jar:/builds/gitflic/gitflic/.m2/repository/javax/validation/validation-api/2.0.1.Final/validation-api-2.0.1.Final.jar:/builds/gitflic/gitflic/.m2/repository/commons-io/commons-io/2.16.1/commons-io-2.16.1.jar:/builds/gitflic/gitflic/.m2/repository/org/eclipse/jgit/org.eclipse.jgit/6.8.0.202311151710-m2/org.eclipse.jgit-6.8.0.202311151710-m2.jar:/builds/gitflic/gitflic/.m2/repository/com/googlecode/javaewah/JavaEWAH/1.2.3/JavaEWAH-1.2.3.jar:/builds/gitflic/gitflic/.m2/repository/org/slf4j/slf4j-api/1.7.36/slf4j-api-1.7.36.jar:/builds/gitflic/gitflic/.m2/repository/commons-codec/commons-codec/1.15/commons-codec-1.15.jar:/builds/gitflic/gitflic/.m2/repository/org/eclipse/jgit/org.eclipse.jgit.http.server/6.8.0.202311151710-m2/org.eclipse.jgit.http.server-6.8.0.202311151710-m2.jar:/builds/gitflic/gitflic/.m2/repository/org/eclipse/jgit/org.eclipse.jgit.gpg.bc/6.8.0.202311151710-m2/org.eclipse.jgit.gpg.bc-6.8.0.202311151710-m2.jar:/builds/gitflic/gitflic/.m2/repository/org/bouncycastle/bcpg-jdk18on/1.76/bcpg-jdk18on-1.76.jar:/builds/gitflic/gitflic/.m2/repository/org/bouncycastle/bcprov-jdk18on/1.76/bcprov-jdk18on-1.76.jar:/builds/gitflic/gitflic/.m2/repository/org/bouncycastle/bcutil-jdk18on/1.76/bcutil-jdk18on-1.76.jar:/builds/gitflic/gitflic/.m2/repository/org/bouncycastle/bcpkix-jdk18on/1.76/bcpkix-jdk18on-1.76.jar:/builds/gitflic/gitflic/.m2/repository/org/eclipse/jgit/org.eclipse.jgit.archive/6.8.0.202311151710-m2/org.eclipse.jgit.archive-6.8.0.202311151710-m2.jar:/builds/gitflic/gitflic/.m2/repository/org/osgi/org.osgi.core/6.0.0/org.osgi.core-6.0.0.jar:/builds/gitflic/gitflic/.m2/repository/com/vladsch/flexmark/flexmark-all/0.64.8/flexmark-all-0.64.8.jar:/builds/gitflic/gitflic/.m2/repository/com/vladsch/flexmark/flexmark/0.64.8/flexmark-0.64.8.jar:/builds/gitflic/gitflic/.m2/repository/com/vladsch/flexmark/flexmark-ext-abbreviation/0.64.8/flexmark-ext-abbreviation-0.64.8.jar:/builds/gitflic/gitflic/.m2/repository/com/vladsch/flexmark/flexmark-util/0.64.8/flexmark-util-0.64.8.jar:/builds/gitflic/gitflic/.m2/repository/com/vladsch/flexmark/flexmark-ext-admonition/0.64.8/flexmark-ext-admonition-0.64.8.jar:/builds/gitflic/gitflic/.m2/repository/com/vladsch/flexmark/flexmark-ext-anchorlink/0.64.8/flexmark-ext-anchorlink-0.64.8.jar:/builds/gitflic/gitflic/.m2/repository/com/vladsch/flexmark/flexmark-ext-aside/0.64.8/flexmark-ext-aside-0.64.8.jar:/builds/gitflic/gitflic/.m2/repository/com/vladsch/flexmark/flexmark-ext-attributes/0.64.8/flexmark-ext-attributes-0.64.8.jar:/builds/gitflic/gitflic/.m2/repository/com/vladsch/flexmark/flexmark-ext-autolink/0.64.8/flexmark-ext-autolink-0.64.8.jar:/builds/gitflic/gitflic/.m2/repository/org/nibor/autolink/autolink/0.6.0/autolink-0.6.0.jar:/builds/gitflic/gitflic/.m2/repository/com/vladsch/flexmark/flexmark-ext-definition/0.64.8/flexmark-ext-definition-0.64.8.jar:/builds/gitflic/gitflic/.m2/repository/com/vladsch/flexmark/flexmark-ext-emoji/0.64.8/flexmark-ext-emoji-0.64.8.jar:/builds/gitflic/gitflic/.m2/repository/com/vladsch/flexmark/flexmark-ext-enumerated-reference/0.64.8/flexmark-ext-enumerated-reference-0.64.8.jar:/builds/gitflic/gitflic/.m2/repository/com/vladsch/flexmark/flexmark-ext-escaped-character/0.64.8/flexmark-ext-escaped-character-0.64.8.jar:/builds/gitflic/gitflic/.m2/repository/com/vladsch/flexmark/flexmark-ext-footnotes/0.64.8/flexmark-ext-footnotes-0.64.8.jar:/builds/gitflic/gitflic/.m2/repository/com/vladsch/flexmark/flexmark-ext-gfm-issues/0.64.8/flexmark-ext-gfm-issues-0.64.8.jar:/builds/gitflic/gitflic/.m2/repository/com/vladsch/flexmark/flexmark-ext-gfm-strikethrough/0.64.8/flexmark-ext-gfm-strikethrough-0.64.8.jar:/builds/gitflic/gitflic/.m2/repository/com/vladsch/flexmark/flexmark-ext-gfm-tasklist/0.64.8/flexmark-ext-gfm-tasklist-0.64.8.jar:/builds/gitflic/gitflic/.m2/repository/com/vladsch/flexmark/flexmark-ext-gfm-users/0.64.8/flexmark-ext-gfm-users-0.64.8.jar:/builds/gitflic/gitflic/.m2/repository/com/vladsch/flexmark/flexmark-ext-gitlab/0.64.8/flexmark-ext-gitlab-0.64.8.jar:/builds/gitflic/gitflic/.m2/repository/com/vladsch/flexmark/flexmark-ext-jekyll-front-matter/0.64.8/flexmark-ext-jekyll-front-matter-0.64.8.jar:/builds/gitflic/gitflic/.m2/repository/com/vladsch/flexmark/flexmark-ext-jekyll-tag/0.64.8/flexmark-ext-jekyll-tag-0.64.8.jar:/builds/gitflic/gitflic/.m2/repository/com/vladsch/flexmark/flexmark-ext-media-tags/0.64.8/flexmark-ext-media-tags-0.64.8.jar:/builds/gitflic/gitflic/.m2/repository/com/vladsch/flexmark/flexmark-ext-resizable-image/0.64.8/flexmark-ext-resizable-image-0.64.8.jar:/builds/gitflic/gitflic/.m2/repository/com/vladsch/flexmark/flexmark-ext-macros/0.64.8/flexmark-ext-macros-0.64.8.jar:/builds/gitflic/gitflic/.m2/repository/com/vladsch/flexmark/flexmark-ext-ins/0.64.8/flexmark-ext-ins-0.64.8.jar:/builds/gitflic/gitflic/.m2/repository/com/vladsch/flexmark/flexmark-ext-xwiki-macros/0.64.8/flexmark-ext-xwiki-macros-0.64.8.jar:/builds/gitflic/gitflic/.m2/repository/com/vladsch/flexmark/flexmark-ext-superscript/0.64.8/flexmark-ext-superscript-0.64.8.jar:/builds/gitflic/gitflic/.m2/repository/com/vladsch/flexmark/flexmark-ext-tables/0.64.8/flexmark-ext-tables-0.64.8.jar:/builds/gitflic/gitflic/.m2/repository/com/vladsch/flexmark/flexmark-ext-toc/0.64.8/flexmark-ext-toc-0.64.8.jar:/builds/gitflic/gitflic/.m2/repository/com/vladsch/flexmark/flexmark-ext-typographic/0.64.8/flexmark-ext-typographic-0.64.8.jar:/builds/gitflic/gitflic/.m2/repository/com/vladsch/flexmark/flexmark-ext-wikilink/0.64.8/flexmark-ext-wikilink-0.64.8.jar:/builds/gitflic/gitflic/.m2/repository/com/vladsch/flexmark/flexmark-ext-yaml-front-matter/0.64.8/flexmark-ext-yaml-front-matter-0.64.8.jar:/builds/gitflic/gitflic/.m2/repository/com/vladsch/flexmark/flexmark-ext-youtube-embedded/0.64.8/flexmark-ext-youtube-embedded-0.64.8.jar:/builds/gitflic/gitflic/.m2/repository/com/vladsch/flexmark/flexmark-html2md-converter/0.64.8/flexmark-html2md-converter-0.64.8.jar:/builds/gitflic/gitflic/.m2/repository/com/vladsch/flexmark/flexmark-jira-converter/0.64.8/flexmark-jira-converter-0.64.8.jar:/builds/gitflic/gitflic/.m2/repository/com/vladsch/flexmark/flexmark-pdf-converter/0.64.8/flexmark-pdf-converter-0.64.8.jar:/builds/gitflic/gitflic/.m2/repository/com/ibm/icu/icu4j/72.1/icu4j-72.1.jar:/builds/gitflic/gitflic/.m2/repository/com/openhtmltopdf/openhtmltopdf-core/1.0.10/openhtmltopdf-core-1.0.10.jar:/builds/gitflic/gitflic/.m2/repository/com/openhtmltopdf/openhtmltopdf-pdfbox/1.0.10/openhtmltopdf-pdfbox-1.0.10.jar:/builds/gitflic/gitflic/.m2/repository/org/apache/pdfbox/pdfbox/2.0.24/pdfbox-2.0.24.jar:/builds/gitflic/gitflic/.m2/repository/org/apache/pdfbox/fontbox/2.0.24/fontbox-2.0.24.jar:/builds/gitflic/gitflic/.m2/repository/org/apache/pdfbox/xmpbox/2.0.24/xmpbox-2.0.24.jar:/builds/gitflic/gitflic/.m2/repository/de/rototor/pdfbox/graphics2d/0.32/graphics2d-0.32.jar:/builds/gitflic/gitflic/.m2/repository/com/openhtmltopdf/openhtmltopdf-rtl-support/1.0.10/openhtmltopdf-rtl-support-1.0.10.jar:/builds/gitflic/gitflic/.m2/repository/com/vladsch/flexmark/flexmark-profile-pegdown/0.64.8/flexmark-profile-pegdown-0.64.8.jar:/builds/gitflic/gitflic/.m2/repository/com/vladsch/flexmark/flexmark-util-ast/0.64.8/flexmark-util-ast-0.64.8.jar:/builds/gitflic/gitflic/.m2/repository/com/vladsch/flexmark/flexmark-util-builder/0.64.8/flexmark-util-builder-0.64.8.jar:/builds/gitflic/gitflic/.m2/repository/com/vladsch/flexmark/flexmark-util-collection/0.64.8/flexmark-util-collection-0.64.8.jar:/builds/gitflic/gitflic/.m2/repository/com/vladsch/flexmark/flexmark-util-data/0.64.8/flexmark-util-data-0.64.8.jar:/builds/gitflic/gitflic/.m2/repository/com/vladsch/flexmark/flexmark-util-dependency/0.64.8/flexmark-util-dependency-0.64.8.jar:/builds/gitflic/gitflic/.m2/repository/com/vladsch/flexmark/flexmark-util-format/0.64.8/flexmark-util-format-0.64.8.jar:/builds/gitflic/gitflic/.m2/repository/com/vladsch/flexmark/flexmark-util-html/0.64.8/flexmark-util-html-0.64.8.jar:/builds/gitflic/gitflic/.m2/repository/com/vladsch/flexmark/flexmark-util-misc/0.64.8/flexmark-util-misc-0.64.8.jar:/builds/gitflic/gitflic/.m2/repository/com/vladsch/flexmark/flexmark-util-options/0.64.8/flexmark-util-options-0.64.8.jar:/builds/gitflic/gitflic/.m2/repository/com/vladsch/flexmark/flexmark-util-sequence/0.64.8/flexmark-util-sequence-0.64.8.jar:/builds/gitflic/gitflic/.m2/repository/com/vladsch/flexmark/flexmark-util-visitor/0.64.8/flexmark-util-visitor-0.64.8.jar:/builds/gitflic/gitflic/.m2/repository/com/vladsch/flexmark/flexmark-youtrack-converter/0.64.8/flexmark-youtrack-converter-0.64.8.jar:/builds/gitflic/gitflic/.m2/repository/org/apache/commons/commons-text/1.10.0/commons-text-1.10.0.jar:/builds/gitflic/gitflic/.m2/repository/org/apache/commons/commons-lang3/3.12.0/commons-lang3-3.12.0.jar:/builds/gitflic/gitflic/.m2/repository/org/jsoup/jsoup/1.16.2/jsoup-1.16.2.jar:/builds/gitflic/gitflic/.m2/repository/org/jboss/aerogear/aerogear-otp-java/1.0.0/aerogear-otp-java-1.0.0.jar:/builds/gitflic/gitflic/.m2/repository/net/i2p/crypto/eddsa/0.3.0/eddsa-0.3.0.jar:/builds/gitflic/gitflic/.m2/repository/com/konghq/unirest-java/3.13.13/unirest-java-3.13.13.jar:/builds/gitflic/gitflic/.m2/repository/org/apache/httpcomponents/httpclient/4.5.14/httpclient-4.5.14.jar:/builds/gitflic/gitflic/.m2/repository/org/apache/httpcomponents/httpcore/4.4.16/httpcore-4.4.16.jar:/builds/gitflic/gitflic/.m2/repository/org/apache/httpcomponents/httpmime/4.5.14/httpmime-4.5.14.jar:/builds/gitflic/gitflic/.m2/repository/org/apache/httpcomponents/httpcore-nio/4.4.16/httpcore-nio-4.4.16.jar:/builds/gitflic/gitflic/.m2/repository/org/apache/httpcomponents/httpasyncclient/4.1.5/httpasyncclient-4.1.5.jar:/builds/gitflic/gitflic/.m2/repository/com/google/code/gson/gson/2.9.1/gson-2.9.1.jar:/builds/gitflic/gitflic/.m2/repository/org/springframework/security/spring-security-config/5.7.11/spring-security-config-5.7.11.jar:/builds/gitflic/gitflic/.m2/repository/org/springframework/security/spring-security-core/5.7.12/spring-security-core-5.7.12.jar:/builds/gitflic/gitflic/.m2/repository/org/springframework/security/spring-security-crypto/5.7.11/spring-security-crypto-5.7.11.jar:/builds/gitflic/gitflic/.m2/repository/org/springframework/spring-aop/5.3.31/spring-aop-5.3.31.jar:/builds/gitflic/gitflic/.m2/repository/org/springframework/spring-beans/5.3.31/spring-beans-5.3.31.jar:/builds/gitflic/gitflic/.m2/repository/org/springframework/spring-context/5.3.31/spring-context-5.3.31.jar:/builds/gitflic/gitflic/.m2/repository/org/springframework/spring-core/5.3.31/spring-core-5.3.31.jar:/builds/gitflic/gitflic/.m2/repository/org/springframework/spring-jcl/5.3.31/spring-jcl-5.3.31.jar:/builds/gitflic/gitflic/.m2/repository/org/springframework/boot/spring-boot-starter-integration/2.7.18/spring-boot-starter-integration-2.7.18.jar:/builds/gitflic/gitflic/.m2/repository/org/springframework/boot/spring-boot-starter-aop/2.7.18/spring-boot-starter-aop-2.7.18.jar:/builds/gitflic/gitflic/.m2/repository/org/aspectj/aspectjweaver/1.9.7/aspectjweaver-1.9.7.jar:/builds/gitflic/gitflic/.m2/repository/org/springframework/integration/spring-integration-core/5.5.20/spring-integration-core-5.5.20.jar:/builds/gitflic/gitflic/.m2/repository/org/springframework/spring-messaging/5.3.31/spring-messaging-5.3.31.jar:/builds/gitflic/gitflic/.m2/repository/org/springframework/boot/spring-boot-starter-mail/2.7.18/spring-boot-starter-mail-2.7.18.jar:/builds/gitflic/gitflic/.m2/repository/org/springframework/spring-context-support/5.3.31/spring-context-support-5.3.31.jar:/builds/gitflic/gitflic/.m2/repository/com/sun/mail/jakarta.mail/1.6.7/jakarta.mail-1.6.7.jar:/builds/gitflic/gitflic/.m2/repository/com/sun/activation/jakarta.activation/1.2.2/jakarta.activation-1.2.2.jar:/builds/gitflic/gitflic/.m2/repository/org/springframework/security/spring-security-web/5.7.11/spring-security-web-5.7.11.jar:/builds/gitflic/gitflic/.m2/repository/org/springframework/spring-expression/5.3.31/spring-expression-5.3.31.jar:/builds/gitflic/gitflic/.m2/repository/org/springframework/spring-web/5.3.31/spring-web-5.3.31.jar:/builds/gitflic/gitflic/.m2/repository/io/sentry/sentry-spring/1.7.30/sentry-spring-1.7.30.jar:/builds/gitflic/gitflic/.m2/repository/io/sentry/sentry/1.7.30/sentry-1.7.30.jar:/builds/gitflic/gitflic/.m2/repository/com/sendgrid/sendgrid-java/4.9.3/sendgrid-java-4.9.3.jar:/builds/gitflic/gitflic/.m2/repository/com/sendgrid/java-http-client/4.5.0/java-http-client-4.5.0.jar:/builds/gitflic/gitflic/.m2/repository/com/fasterxml/jackson/core/jackson-core/2.13.5/jackson-core-2.13.5.jar:/builds/gitflic/gitflic/.m2/repository/com/fasterxml/jackson/core/jackson-annotations/2.13.5/jackson-annotations-2.13.5.jar:/builds/gitflic/gitflic/.m2/repository/com/fasterxml/jackson/core/jackson-databind/2.13.5/jackson-databind-2.13.5.jar:/builds/gitflic/gitflic/.m2/repository/org/bouncycastle/bcprov-jdk15on/1.70/bcprov-jdk15on-1.70.jar:/builds/gitflic/gitflic/.m2/repository/org/apache/sshd/sshd-core/2.9.3/sshd-core-2.9.3.jar:/builds/gitflic/gitflic/.m2/repository/org/apache/sshd/sshd-common/2.9.3/sshd-common-2.9.3.jar:/builds/gitflic/gitflic/.m2/repository/org/slf4j/jcl-over-slf4j/1.7.36/jcl-over-slf4j-1.7.36.jar:/builds/gitflic/gitflic/.m2/repository/org/springframework/boot/spring-boot-starter-data-redis/2.7.18/spring-boot-starter-data-redis-2.7.18.jar:/builds/gitflic/gitflic/.m2/repository/org/springframework/data/spring-data-redis/2.7.18/spring-data-redis-2.7.18.jar:/builds/gitflic/gitflic/.m2/repository/org/springframework/data/spring-data-keyvalue/2.7.18/spring-data-keyvalue-2.7.18.jar:/builds/gitflic/gitflic/.m2/repository/org/springframework/spring-oxm/5.3.31/spring-oxm-5.3.31.jar:/builds/gitflic/gitflic/.m2/repository/io/lettuce/lettuce-core/6.1.10.RELEASE/lettuce-core-6.1.10.RELEASE.jar:/builds/gitflic/gitflic/.m2/repository/org/springframework/session/spring-session-data-redis/2.7.4/spring-session-data-redis-2.7.4.jar:/builds/gitflic/gitflic/.m2/repository/org/springframework/session/spring-session-core/2.7.4/spring-session-core-2.7.4.jar:/builds/gitflic/gitflic/.m2/repository/org/springframework/security/spring-security-taglibs/5.7.11/spring-security-taglibs-5.7.11.jar:/builds/gitflic/gitflic/.m2/repository/org/springframework/security/spring-security-acl/5.7.11/spring-security-acl-5.7.11.jar:/builds/gitflic/gitflic/.m2/repository/org/springframework/spring-jdbc/5.3.31/spring-jdbc-5.3.31.jar:/builds/gitflic/gitflic/.m2/repository/org/apache/tomcat/tomcat-jsp-api/9.0.83/tomcat-jsp-api-9.0.83.jar:/builds/gitflic/gitflic/.m2/repository/org/apache/tomcat/tomcat-el-api/9.0.83/tomcat-el-api-9.0.83.jar:/builds/gitflic/gitflic/.m2/repository/org/apache/tomcat/tomcat-servlet-api/9.0.83/tomcat-servlet-api-9.0.83.jar:/builds/gitflic/gitflic/.m2/repository/org/springframework/boot/spring-boot-starter-freemarker/2.7.18/spring-boot-starter-freemarker-2.7.18.jar:/builds/gitflic/gitflic/.m2/repository/org/freemarker/freemarker/2.3.32/freemarker-2.3.32.jar:/builds/gitflic/gitflic/.m2/repository/com/github/slugify/slugify/3.0.6/slugify-3.0.6.jar:/builds/gitflic/gitflic/.m2/repository/com/google/zxing/core/3.5.0/core-3.5.0.jar:/builds/gitflic/gitflic/.m2/repository/com/google/zxing/javase/3.5.0/javase-3.5.0.jar:/builds/gitflic/gitflic/.m2/repository/com/beust/jcommander/1.82/jcommander-1.82.jar:/builds/gitflic/gitflic/.m2/repository/com/github/jai-imageio/jai-imageio-core/1.4.0/jai-imageio-core-1.4.0.jar:/builds/gitflic/gitflic/.m2/repository/commons-validator/commons-validator/1.7/commons-validator-1.7.jar:/builds/gitflic/gitflic/.m2/repository/commons-beanutils/commons-beanutils/1.9.4/commons-beanutils-1.9.4.jar:/builds/gitflic/gitflic/.m2/repository/commons-digester/commons-digester/2.1/commons-digester-2.1.jar:/builds/gitflic/gitflic/.m2/repository/commons-logging/commons-logging/1.2/commons-logging-1.2.jar:/builds/gitflic/gitflic/.m2/repository/commons-collections/commons-collections/3.2.2/commons-collections-3.2.2.jar:/builds/gitflic/gitflic/.m2/repository/com/github/oshi/oshi-core-java11/6.4.0/oshi-core-java11-6.4.0.jar:/builds/gitflic/gitflic/.m2/repository/net/java/dev/jna/jna-jpms/5.12.1/jna-jpms-5.12.1.jar:/builds/gitflic/gitflic/.m2/repository/net/java/dev/jna/jna-platform-jpms/5.12.1/jna-platform-jpms-5.12.1.jar:/builds/gitflic/gitflic/.m2/repository/com/querydsl/querydsl-sql/5.0.0/querydsl-sql-5.0.0.jar:/builds/gitflic/gitflic/.m2/repository/com/querydsl/querydsl-core/5.0.0/querydsl-core-5.0.0.jar:/builds/gitflic/gitflic/.m2/repository/com/mysema/commons/mysema-commons-lang/0.2.4/mysema-commons-lang-0.2.4.jar:/builds/gitflic/gitflic/.m2/repository/org/togglz/togglz-spring-boot-starter/3.2.1/togglz-spring-boot-starter-3.2.1.jar:/builds/gitflic/gitflic/.m2/repository/org/thymeleaf/thymeleaf/3.0.15.RELEASE/thymeleaf-3.0.15.RELEASE.jar:/builds/gitflic/gitflic/.m2/repository/ognl/ognl/3.1.26/ognl-3.1.26.jar:/builds/gitflic/gitflic/.m2/repository/org/javassist/javassist/3.20.0-GA/javassist-3.20.0-GA.jar:/builds/gitflic/gitflic/.m2/repository/org/attoparser/attoparser/2.0.5.RELEASE/attoparser-2.0.5.RELEASE.jar:/builds/gitflic/gitflic/.m2/repository/org/unbescape/unbescape/1.1.6.RELEASE/unbescape-1.1.6.RELEASE.jar:/builds/gitflic/gitflic/.m2/repository/org/thymeleaf/thymeleaf-spring5/3.0.15.RELEASE/thymeleaf-spring5-3.0.15.RELEASE.jar:/builds/gitflic/gitflic/.m2/repository/org/togglz/togglz-spring-core/3.2.1/togglz-spring-core-3.2.1.jar:/builds/gitflic/gitflic/.m2/repository/org/togglz/togglz-core/3.2.1/togglz-core-3.2.1.jar:/builds/gitflic/gitflic/.m2/repository/org/togglz/togglz-spring-web/3.2.1/togglz-spring-web-3.2.1.jar:/builds/gitflic/gitflic/.m2/repository/org/togglz/togglz-servlet/3.2.1/togglz-servlet-3.2.1.jar:/builds/gitflic/gitflic/.m2/repository/org/springframework/boot/spring-boot-starter-test/2.7.18/spring-boot-starter-test-2.7.18.jar:/builds/gitflic/gitflic/.m2/repository/org/springframework/boot/spring-boot-test-autoconfigure/2.7.18/spring-boot-test-autoconfigure-2.7.18.jar:/builds/gitflic/gitflic/.m2/repository/com/jayway/jsonpath/json-path/2.7.0/json-path-2.7.0.jar:/builds/gitflic/gitflic/.m2/repository/net/minidev/json-smart/2.4.11/json-smart-2.4.11.jar:/builds/gitflic/gitflic/.m2/repository/net/minidev/accessors-smart/2.4.11/accessors-smart-2.4.11.jar:/builds/gitflic/gitflic/.m2/repository/org/ow2/asm/asm/9.3/asm-9.3.jar:/builds/gitflic/gitflic/.m2/repository/jakarta/xml/bind/jakarta.xml.bind-api/2.3.3/jakarta.xml.bind-api-2.3.3.jar:/builds/gitflic/gitflic/.m2/repository/jakarta/activation/jakarta.activation-api/1.2.2/jakarta.activation-api-1.2.2.jar:/builds/gitflic/gitflic/.m2/repository/org/assertj/assertj-core/3.22.0/assertj-core-3.22.0.jar:/builds/gitflic/gitflic/.m2/repository/org/hamcrest/hamcrest/2.2/hamcrest-2.2.jar:/builds/gitflic/gitflic/.m2/repository/org/junit/jupiter/junit-jupiter/5.8.2/junit-jupiter-5.8.2.jar:/builds/gitflic/gitflic/.m2/repository/org/junit/jupiter/junit-jupiter-api/5.8.2/junit-jupiter-api-5.8.2.jar:/builds/gitflic/gitflic/.m2/repository/org/junit/jupiter/junit-jupiter-params/5.8.2/junit-jupiter-params-5.8.2.jar:/builds/gitflic/gitflic/.m2/repository/org/junit/jupiter/junit-jupiter-engine/5.8.2/junit-jupiter-engine-5.8.2.jar:/builds/gitflic/gitflic/.m2/repository/org/mockito/mockito-junit-jupiter/4.5.1/mockito-junit-jupiter-4.5.1.jar:/builds/gitflic/gitflic/.m2/repository/org/skyscreamer/jsonassert/1.5.1/jsonassert-1.5.1.jar:/builds/gitflic/gitflic/.m2/repository/com/vaadin/external/google/android-json/0.0.20131108.vaadin1/android-json-0.0.20131108.vaadin1.jar:/builds/gitflic/gitflic/.m2/repository/org/springframework/spring-test/5.3.31/spring-test-5.3.31.jar:/builds/gitflic/gitflic/.m2/repository/org/xmlunit/xmlunit-core/2.9.1/xmlunit-core-2.9.1.jar:/builds/gitflic/gitflic/.m2/repository/org/telegram/telegrambots-spring-boot-starter/6.1.0/telegrambots-spring-boot-starter-6.1.0.jar:/builds/gitflic/gitflic/.m2/repository/org/telegram/telegrambots/6.1.0/telegrambots-6.1.0.jar:/builds/gitflic/gitflic/.m2/repository/org/telegram/telegrambots-meta/6.1.0/telegrambots-meta-6.1.0.jar:/builds/gitflic/gitflic/.m2/repository/com/fasterxml/jackson/jaxrs/jackson-jaxrs-json-provider/2.13.5/jackson-jaxrs-json-provider-2.13.5.jar:/builds/gitflic/gitflic/.m2/repository/com/fasterxml/jackson/jaxrs/jackson-jaxrs-base/2.13.5/jackson-jaxrs-base-2.13.5.jar:/builds/gitflic/gitflic/.m2/repository/com/fasterxml/jackson/module/jackson-module-jaxb-annotations/2.13.5/jackson-module-jaxb-annotations-2.13.5.jar:/builds/gitflic/gitflic/.m2/repository/org/glassfish/jersey/inject/jersey-hk2/2.35/jersey-hk2-2.35.jar:/builds/gitflic/gitflic/.m2/repository/org/glassfish/jersey/core/jersey-common/2.35/jersey-common-2.35.jar:/builds/gitflic/gitflic/.m2/repository/org/glassfish/hk2/osgi-resource-locator/1.0.3/osgi-resource-locator-1.0.3.jar:/builds/gitflic/gitflic/.m2/repository/org/glassfish/hk2/hk2-locator/2.6.1/hk2-locator-2.6.1.jar:/builds/gitflic/gitflic/.m2/repository/org/glassfish/hk2/external/aopalliance-repackaged/2.6.1/aopalliance-repackaged-2.6.1.jar:/builds/gitflic/gitflic/.m2/repository/org/glassfish/hk2/hk2-api/2.6.1/hk2-api-2.6.1.jar:/builds/gitflic/gitflic/.m2/repository/org/glassfish/hk2/hk2-utils/2.6.1/hk2-utils-2.6.1.jar:/builds/gitflic/gitflic/.m2/repository/org/glassfish/jersey/media/jersey-media-json-jackson/2.35/jersey-media-json-jackson-2.35.jar:/builds/gitflic/gitflic/.m2/repository/org/glassfish/jersey/ext/jersey-entity-filtering/2.35/jersey-entity-filtering-2.35.jar:/builds/gitflic/gitflic/.m2/repository/org/glassfish/jersey/containers/jersey-container-grizzly2-http/2.35/jersey-container-grizzly2-http-2.35.jar:/builds/gitflic/gitflic/.m2/repository/org/glassfish/hk2/external/jakarta.inject/2.6.1/jakarta.inject-2.6.1.jar:/builds/gitflic/gitflic/.m2/repository/org/glassfish/grizzly/grizzly-http-server/2.4.4/grizzly-http-server-2.4.4.jar:/builds/gitflic/gitflic/.m2/repository/org/glassfish/grizzly/grizzly-http/2.4.4/grizzly-http-2.4.4.jar:/builds/gitflic/gitflic/.m2/repository/org/glassfish/grizzly/grizzly-framework/2.4.4/grizzly-framework-2.4.4.jar:/builds/gitflic/gitflic/.m2/repository/jakarta/ws/rs/jakarta.ws.rs-api/2.1.6/jakarta.ws.rs-api-2.1.6.jar:/builds/gitflic/gitflic/.m2/repository/org/glassfish/jersey/core/jersey-server/2.35/jersey-server-2.35.jar:/builds/gitflic/gitflic/.m2/repository/org/glassfish/jersey/core/jersey-client/2.35/jersey-client-2.35.jar:/builds/gitflic/gitflic/.m2/repository/org/json/json/20220320/json-20220320.jar:/builds/gitflic/gitflic/.m2/repository/org/springframework/boot/spring-boot/2.7.18/spring-boot-2.7.18.jar:/builds/gitflic/gitflic/.m2/repository/org/springframework/boot/spring-boot-autoconfigure/2.7.18/spring-boot-autoconfigure-2.7.18.jar:/builds/gitflic/gitflic/.m2/repository/org/springframework/boot/spring-boot-test/2.7.18/spring-boot-test-2.7.18.jar:/builds/gitflic/gitflic/.m2/repository/junit/junit/4.13.2/junit-4.13.2.jar:/builds/gitflic/gitflic/.m2/repository/org/hamcrest/hamcrest-core/2.2/hamcrest-core-2.2.jar:/builds/gitflic/gitflic/.m2/repository/org/apache/tika/tika-core/2.9.1/tika-core-2.9.1.jar:/builds/gitflic/gitflic/.m2/repository/org/apache/commons/commons-collections4/4.4/commons-collections4-4.4.jar:/builds/gitflic/gitflic/.m2/repository/org/apache/ant/ant/1.10.14/ant-1.10.14.jar:/builds/gitflic/gitflic/.m2/repository/org/apache/ant/ant-launcher/1.10.14/ant-launcher-1.10.14.jar:/builds/gitflic/gitflic/.m2/repository/com/fasterxml/jackson/dataformat/jackson-dataformat-yaml/2.9.8/jackson-dataformat-yaml-2.9.8.jar:/builds/gitflic/gitflic/.m2/repository/org/yaml/snakeyaml/1.30/snakeyaml-1.30.jar:/builds/gitflic/gitflic/.m2/repository/org/jgrapht/jgrapht-core/1.5.2/jgrapht-core-1.5.2.jar:/builds/gitflic/gitflic/.m2/repository/org/jheaps/jheaps/0.14/jheaps-0.14.jar:/builds/gitflic/gitflic/.m2/repository/org/apfloat/apfloat/1.10.1/apfloat-1.10.1.jar:/builds/gitflic/gitflic/.m2/repository/org/jgrapht/jgrapht-io/1.5.2/jgrapht-io-1.5.2.jar:/builds/gitflic/gitflic/.m2/repository/org/springframework/ldap/spring-ldap-core/2.3.6.RELEASE/spring-ldap-core-2.3.6.RELEASE.jar:/builds/gitflic/gitflic/.m2/repository/org/springframework/spring-tx/5.3.31/spring-tx-5.3.31.jar:/builds/gitflic/gitflic/.m2/repository/com/auth0/java-jwt/4.4.0/java-jwt-4.4.0.jar:/builds/gitflic/gitflic/.m2/repository/org/springframework/security/extensions/spring-security-saml2-core/1.0.10.RELEASE/spring-security-saml2-core-1.0.10.RELEASE.jar:/builds/gitflic/gitflic/.m2/repository/com/narupley/not-going-to-be-commons-ssl/0.3.20/not-going-to-be-commons-ssl-0.3.20.jar:/builds/gitflic/gitflic/.m2/repository/org/bouncycastle/bcprov-ext-jdk15on/1.60/bcprov-ext-jdk15on-1.60.jar:/builds/gitflic/gitflic/.m2/repository/commons-httpclient/commons-httpclient/3.1/commons-httpclient-3.1.jar:/builds/gitflic/gitflic/.m2/repository/org/apache/santuario/xmlsec/1.5.8/xmlsec-1.5.8.jar:/builds/gitflic/gitflic/.m2/repository/org/apache/velocity/velocity-engine-core/2.0/velocity-engine-core-2.0.jar:/builds/gitflic/gitflic/.m2/repository/org/bouncycastle/bcpkix-jdk15on/1.64/bcpkix-jdk15on-1.64.jar:/builds/gitflic/gitflic/.m2/repository/org/opensaml/opensaml/2.6.6/opensaml-2.6.6.jar:/builds/gitflic/gitflic/.m2/repository/org/opensaml/openws/1.5.6/openws-1.5.6.jar:/builds/gitflic/gitflic/.m2/repository/org/opensaml/xmltooling/1.4.6/xmltooling-1.4.6.jar:/builds/gitflic/gitflic/.m2/repository/commons-lang/commons-lang/2.6/commons-lang-2.6.jar:/builds/gitflic/gitflic/.m2/repository/joda-time/joda-time/2.2/joda-time-2.2.jar:/builds/gitflic/gitflic/.m2/repository/org/owasp/esapi/esapi/2.2.0.0/esapi-2.2.0.0.jar:/builds/gitflic/gitflic/.m2/repository/com/io7m/xom/xom/1.2.10/xom-1.2.10.jar:/builds/gitflic/gitflic/.m2/repository/org/apache-extras/beanshell/bsh/2.0b6/bsh-2.0b6.jar:/builds/gitflic/gitflic/.m2/repository/xerces/xercesImpl/2.12.0/xercesImpl-2.12.0.jar:/builds/gitflic/gitflic/.m2/repository/xalan/xalan/2.7.2/xalan-2.7.2.jar:/builds/gitflic/gitflic/.m2/repository/xalan/serializer/2.7.2/serializer-2.7.2.jar:/builds/gitflic/gitflic/.m2/repository/xml-apis/xml-apis/1.4.01/xml-apis-1.4.01.jar:/builds/gitflic/gitflic/.m2/repository/com/squareup/okhttp3/okhttp/4.10.0/okhttp-4.10.0.jar:/builds/gitflic/gitflic/.m2/repository/com/squareup/okio/okio-jvm/3.0.0/okio-jvm-3.0.0.jar:/builds/gitflic/gitflic/.m2/repository/org/jetbrains/kotlin/kotlin-stdlib-jdk8/1.6.21/kotlin-stdlib-jdk8-1.6.21.jar:/builds/gitflic/gitflic/.m2/repository/org/jetbrains/kotlin/kotlin-stdlib-jdk7/1.6.21/kotlin-stdlib-jdk7-1.6.21.jar:/builds/gitflic/gitflic/.m2/repository/org/jetbrains/kotlin/kotlin-stdlib-common/1.6.21/kotlin-stdlib-common-1.6.21.jar:/builds/gitflic/gitflic/.m2/repository/org/jetbrains/kotlin/kotlin-stdlib/1.6.21/kotlin-stdlib-1.6.21.jar:/builds/gitflic/gitflic/.m2/repository/com/yandex/cloud/java-sdk-services/2.6.4/java-sdk-services-2.6.4.jar:/builds/gitflic/gitflic/.m2/repository/io/grpc/grpc-netty-shaded/1.43.2/grpc-netty-shaded-1.43.2.jar:/builds/gitflic/gitflic/.m2/repository/com/google/guava/guava/31.1-jre/guava-31.1-jre.jar:/builds/gitflic/gitflic/.m2/repository/com/google/guava/failureaccess/1.0.1/failureaccess-1.0.1.jar:/builds/gitflic/gitflic/.m2/repository/com/google/guava/listenablefuture/9999.0-empty-to-avoid-conflict-with-guava/listenablefuture-9999.0-empty-to-avoid-conflict-with-guava.jar:/builds/gitflic/gitflic/.m2/repository/com/google/code/findbugs/jsr305/3.0.2/jsr305-3.0.2.jar:/builds/gitflic/gitflic/.m2/repository/com/google/j2objc/j2objc-annotations/1.3/j2objc-annotations-1.3.jar:/builds/gitflic/gitflic/.m2/repository/com/google/errorprone/error_prone_annotations/2.9.0/error_prone_annotations-2.9.0.jar:/builds/gitflic/gitflic/.m2/repository/io/perfmark/perfmark-api/0.23.0/perfmark-api-0.23.0.jar:/builds/gitflic/gitflic/.m2/repository/io/grpc/grpc-core/1.43.2/grpc-core-1.43.2.jar:/builds/gitflic/gitflic/.m2/repository/io/grpc/grpc-api/1.43.2/grpc-api-1.43.2.jar:/builds/gitflic/gitflic/.m2/repository/io/grpc/grpc-context/1.43.2/grpc-context-1.43.2.jar:/builds/gitflic/gitflic/.m2/repository/com/google/android/annotations/4.1.1.4/annotations-4.1.1.4.jar:/builds/gitflic/gitflic/.m2/repository/org/codehaus/mojo/animal-sniffer-annotations/1.19/animal-sniffer-annotations-1.19.jar:/builds/gitflic/gitflic/.m2/repository/com/yandex/cloud/java-genproto/2.6.4/java-genproto-2.6.4.jar:/builds/gitflic/gitflic/.m2/repository/io/grpc/grpc-services/1.43.2/grpc-services-1.43.2.jar:/builds/gitflic/gitflic/.m2/repository/io/grpc/grpc-protobuf/1.43.2/grpc-protobuf-1.43.2.jar:/builds/gitflic/gitflic/.m2/repository/com/google/protobuf/protobuf-java/3.19.2/protobuf-java-3.19.2.jar:/builds/gitflic/gitflic/.m2/repository/com/google/api/grpc/proto-google-common-protos/2.0.1/proto-google-common-protos-2.0.1.jar:/builds/gitflic/gitflic/.m2/repository/io/grpc/grpc-protobuf-lite/1.43.2/grpc-protobuf-lite-1.43.2.jar:/builds/gitflic/gitflic/.m2/repository/io/grpc/grpc-stub/1.43.2/grpc-stub-1.43.2.jar:/builds/gitflic/gitflic/.m2/repository/com/google/protobuf/protobuf-java-util/3.19.2/protobuf-java-util-3.19.2.jar:/builds/gitflic/gitflic/.m2/repository/javax/annotation/javax.annotation-api/1.3.2/javax.annotation-api-1.3.2.jar:/builds/gitflic/gitflic/.m2/repository/com/yandex/cloud/java-sdk-auth/2.6.4/java-sdk-auth-2.6.4.jar:/builds/gitflic/gitflic/.m2/repository/io/jsonwebtoken/jjwt-api/0.10.8/jjwt-api-0.10.8.jar:/builds/gitflic/gitflic/.m2/repository/io/jsonwebtoken/jjwt-impl/0.10.8/jjwt-impl-0.10.8.jar:/builds/gitflic/gitflic/.m2/repository/io/jsonwebtoken/jjwt-jackson/0.10.8/jjwt-jackson-0.10.8.jar:/builds/gitflic/gitflic/.m2/repository/software/amazon/awssdk/s3/2.20.103/s3-2.20.103.jar:/builds/gitflic/gitflic/.m2/repository/software/amazon/awssdk/aws-xml-protocol/2.20.103/aws-xml-protocol-2.20.103.jar:/builds/gitflic/gitflic/.m2/repository/software/amazon/awssdk/aws-query-protocol/2.20.103/aws-query-protocol-2.20.103.jar:/builds/gitflic/gitflic/.m2/repository/software/amazon/awssdk/protocol-core/2.20.103/protocol-core-2.20.103.jar:/builds/gitflic/gitflic/.m2/repository/software/amazon/awssdk/arns/2.20.103/arns-2.20.103.jar:/builds/gitflic/gitflic/.m2/repository/software/amazon/awssdk/profiles/2.20.103/profiles-2.20.103.jar:/builds/gitflic/gitflic/.m2/repository/software/amazon/awssdk/crt-core/2.20.103/crt-core-2.20.103.jar:/builds/gitflic/gitflic/.m2/repository/software/amazon/awssdk/sdk-core/2.20.103/sdk-core-2.20.103.jar:/builds/gitflic/gitflic/.m2/repository/software/amazon/awssdk/auth/2.20.103/auth-2.20.103.jar:/builds/gitflic/gitflic/.m2/repository/software/amazon/eventstream/eventstream/1.0.1/eventstream-1.0.1.jar:/builds/gitflic/gitflic/.m2/repository/software/amazon/awssdk/http-client-spi/2.20.103/http-client-spi-2.20.103.jar:/builds/gitflic/gitflic/.m2/repository/software/amazon/awssdk/regions/2.20.103/regions-2.20.103.jar:/builds/gitflic/gitflic/.m2/repository/software/amazon/awssdk/annotations/2.20.103/annotations-2.20.103.jar:/builds/gitflic/gitflic/.m2/repository/software/amazon/awssdk/utils/2.20.103/utils-2.20.103.jar:/builds/gitflic/gitflic/.m2/repository/software/amazon/awssdk/aws-core/2.20.103/aws-core-2.20.103.jar:/builds/gitflic/gitflic/.m2/repository/software/amazon/awssdk/metrics-spi/2.20.103/metrics-spi-2.20.103.jar:/builds/gitflic/gitflic/.m2/repository/software/amazon/awssdk/json-utils/2.20.103/json-utils-2.20.103.jar:/builds/gitflic/gitflic/.m2/repository/software/amazon/awssdk/third-party-jackson-core/2.20.103/third-party-jackson-core-2.20.103.jar:/builds/gitflic/gitflic/.m2/repository/software/amazon/awssdk/endpoints-spi/2.20.103/endpoints-spi-2.20.103.jar:/builds/gitflic/gitflic/.m2/repository/software/amazon/awssdk/apache-client/2.20.103/apache-client-2.20.103.jar:/builds/gitflic/gitflic/.m2/repository/software/amazon/awssdk/netty-nio-client/2.20.103/netty-nio-client-2.20.103.jar:/builds/gitflic/gitflic/.m2/repository/io/netty/netty-codec-http/4.1.101.Final/netty-codec-http-4.1.101.Final.jar:/builds/gitflic/gitflic/.m2/repository/io/netty/netty-codec-http2/4.1.101.Final/netty-codec-http2-4.1.101.Final.jar:/builds/gitflic/gitflic/.m2/repository/io/netty/netty-transport-classes-epoll/4.1.101.Final/netty-transport-classes-epoll-4.1.101.Final.jar:/builds/gitflic/gitflic/.m2/repository/org/springframework/retry/spring-retry/1.3.4/spring-retry-1.3.4.jar:/builds/gitflic/gitflic/.m2/repository/org/redisson/redisson/3.25.0/redisson-3.25.0.jar:/builds/gitflic/gitflic/.m2/repository/io/netty/netty-common/4.1.101.Final/netty-common-4.1.101.Final.jar:/builds/gitflic/gitflic/.m2/repository/io/netty/netty-codec/4.1.101.Final/netty-codec-4.1.101.Final.jar:/builds/gitflic/gitflic/.m2/repository/io/netty/netty-buffer/4.1.101.Final/netty-buffer-4.1.101.Final.jar:/builds/gitflic/gitflic/.m2/repository/io/netty/netty-transport/4.1.101.Final/netty-transport-4.1.101.Final.jar:/builds/gitflic/gitflic/.m2/repository/io/netty/netty-resolver/4.1.101.Final/netty-resolver-4.1.101.Final.jar:/builds/gitflic/gitflic/.m2/repository/io/netty/netty-resolver-dns/4.1.101.Final/netty-resolver-dns-4.1.101.Final.jar:/builds/gitflic/gitflic/.m2/repository/io/netty/netty-codec-dns/4.1.101.Final/netty-codec-dns-4.1.101.Final.jar:/builds/gitflic/gitflic/.m2/repository/io/netty/netty-handler/4.1.101.Final/netty-handler-4.1.101.Final.jar:/builds/gitflic/gitflic/.m2/repository/io/netty/netty-transport-native-unix-common/4.1.101.Final/netty-transport-native-unix-common-4.1.101.Final.jar:/builds/gitflic/gitflic/.m2/repository/javax/cache/cache-api/1.1.1/cache-api-1.1.1.jar:/builds/gitflic/gitflic/.m2/repository/io/projectreactor/reactor-core/3.4.34/reactor-core-3.4.34.jar:/builds/gitflic/gitflic/.m2/repository/org/reactivestreams/reactive-streams/1.0.4/reactive-streams-1.0.4.jar:/builds/gitflic/gitflic/.m2/repository/io/reactivex/rxjava3/rxjava/3.1.6/rxjava-3.1.6.jar:/builds/gitflic/gitflic/.m2/repository/org/jboss/marshalling/jboss-marshalling/2.0.11.Final/jboss-marshalling-2.0.11.Final.jar:/builds/gitflic/gitflic/.m2/repository/org/jboss/marshalling/jboss-marshalling-river/2.0.11.Final/jboss-marshalling-river-2.0.11.Final.jar:/builds/gitflic/gitflic/.m2/repository/com/esotericsoftware/kryo/5.5.0/kryo-5.5.0.jar:/builds/gitflic/gitflic/.m2/repository/com/esotericsoftware/reflectasm/1.11.9/reflectasm-1.11.9.jar:/builds/gitflic/gitflic/.m2/repository/com/esotericsoftware/minlog/1.3.1/minlog-1.3.1.jar:/builds/gitflic/gitflic/.m2/repository/net/bytebuddy/byte-buddy/1.12.23/byte-buddy-1.12.23.jar:/builds/gitflic/gitflic/.m2/repository/org/jodd/jodd-bean/5.1.6/jodd-bean-5.1.6.jar:/builds/gitflic/gitflic/.m2/repository/org/jodd/jodd-core/5.1.6/jodd-core-5.1.6.jar:/builds/gitflic/gitflic/.m2/repository/org/instancio/instancio-junit/3.7.1/instancio-junit-3.7.1.jar:/builds/gitflic/gitflic/.m2/repository/org/instancio/instancio-core/3.7.1/instancio-core-3.7.1.jar:/builds/gitflic/gitflic/.m2/repository/org/eclipse/jgit/org.eclipse.jgit.junit/6.8.0.202311151710-m2/org.eclipse.jgit.junit-6.8.0.202311151710-m2.jar:/builds/gitflic/gitflic/.m2/repository/org/cyclonedx/cyclonedx-core-java/9.0.0/cyclonedx-core-java-9.0.0.jar:/builds/gitflic/gitflic/.m2/repository/com/github/package-url/packageurl-java/1.5.0/packageurl-java-1.5.0.jar:/builds/gitflic/gitflic/.m2/repository/com/fasterxml/jackson/dataformat/jackson-dataformat-xml/2.13.5/jackson-dataformat-xml-2.13.5.jar:/builds/gitflic/gitflic/.m2/repository/org/codehaus/woodstox/stax2-api/4.2.1/stax2-api-4.2.1.jar:/builds/gitflic/gitflic/.m2/repository/com/fasterxml/woodstox/woodstox-core/6.4.0/woodstox-core-6.4.0.jar:/builds/gitflic/gitflic/.m2/repository/com/networknt/json-schema-validator/1.4.0/json-schema-validator-1.4.0.jar:/builds/gitflic/gitflic/.m2/repository/com/ethlo/time/itu/1.8.0/itu-1.8.0.jar:/builds/gitflic/gitflic/.m2/repository/org/junit/platform/junit-platform-launcher/1.8.2/junit-platform-launcher-1.8.2.jar:/builds/gitflic/gitflic/.m2/repository/org/junit/platform/junit-platform-engine/1.8.2/junit-platform-engine-1.8.2.jar:/builds/gitflic/gitflic/.m2/repository/org/opentest4j/opentest4j/1.2.0/opentest4j-1.2.0.jar:/builds/gitflic/gitflic/.m2/repository/org/junit/platform/junit-platform-commons/1.8.2/junit-platform-commons-1.8.2.jar:/builds/gitflic/gitflic/.m2/repository/org/apiguardian/apiguardian-api/1.1.2/apiguardian-api-1.1.2.jar:/builds/gitflic/gitflic/.m2/repository/org/junit/vintage/junit-vintage-engine/5.8.2/junit-vintage-engine-5.8.2.jar:/builds/gitflic/gitflic/.m2/repository/com/nimbusds/nimbus-jose-jwt/9.40/nimbus-jose-jwt-9.40.jar:"/>
    <property name="java.vm.vendor" value="BellSoft"/>
    <property name="sun.arch.data.model" value="64"/>
    <property name="java.vendor.url" value="https://bell-sw.com/"/>
    <property name="user.timezone" value=""/>
    <property name="java.vm.specification.version" value="11"/>
    <property name="os.name" value="Linux"/>
    <property name="sun.java.launcher" value="SUN_STANDARD"/>
    <property name="user.country" value="US"/>
    <property name="sun.boot.library.path" value="/usr/lib/jvm/jdk-11.0.15.1-bellsoft-x86_64/lib"/>
    <property name="sun.java.command" value="/builds/gitflic/gitflic/core/target/surefire/surefirebooter3437396564810358032.jar /builds/gitflic/gitflic/core/target/surefire 2024-08-14T12-07-08_125-jvmRun1 surefire5296281231106580469tmp surefire_013117181579143012874tmp"/>
    <property name="jdk.debug" value="release"/>
    <property name="surefire.test.class.path" value="/builds/gitflic/gitflic/core/target/test-classes:/builds/gitflic/gitflic/core/target/classes:/builds/gitflic/gitflic/.m2/repository/com/gitflic/dbcore/3.2.1/dbcore-3.2.1.jar:/builds/gitflic/gitflic/.m2/repository/org/springframework/boot/spring-boot-starter-data-jpa/2.7.18/spring-boot-starter-data-jpa-2.7.18.jar:/builds/gitflic/gitflic/.m2/repository/org/springframework/boot/spring-boot-starter-jdbc/2.7.18/spring-boot-starter-jdbc-2.7.18.jar:/builds/gitflic/gitflic/.m2/repository/com/zaxxer/HikariCP/4.0.3/HikariCP-4.0.3.jar:/builds/gitflic/gitflic/.m2/repository/jakarta/transaction/jakarta.transaction-api/1.3.3/jakarta.transaction-api-1.3.3.jar:/builds/gitflic/gitflic/.m2/repository/jakarta/persistence/jakarta.persistence-api/2.2.3/jakarta.persistence-api-2.2.3.jar:/builds/gitflic/gitflic/.m2/repository/org/hibernate/hibernate-core/5.6.15.Final/hibernate-core-5.6.15.Final.jar:/builds/gitflic/gitflic/.m2/repository/antlr/antlr/2.7.7/antlr-2.7.7.jar:/builds/gitflic/gitflic/.m2/repository/org/jboss/jandex/2.4.2.Final/jandex-2.4.2.Final.jar:/builds/gitflic/gitflic/.m2/repository/org/hibernate/common/hibernate-commons-annotations/5.1.2.Final/hibernate-commons-annotations-5.1.2.Final.jar:/builds/gitflic/gitflic/.m2/repository/org/glassfish/jaxb/jaxb-runtime/2.3.9/jaxb-runtime-2.3.9.jar:/builds/gitflic/gitflic/.m2/repository/org/glassfish/jaxb/txw2/2.3.9/txw2-2.3.9.jar:/builds/gitflic/gitflic/.m2/repository/com/sun/istack/istack-commons-runtime/3.0.12/istack-commons-runtime-3.0.12.jar:/builds/gitflic/gitflic/.m2/repository/org/springframework/data/spring-data-jpa/2.7.18/spring-data-jpa-2.7.18.jar:/builds/gitflic/gitflic/.m2/repository/org/springframework/data/spring-data-commons/2.7.18/spring-data-commons-2.7.18.jar:/builds/gitflic/gitflic/.m2/repository/org/springframework/spring-orm/5.3.31/spring-orm-5.3.31.jar:/builds/gitflic/gitflic/.m2/repository/org/springframework/spring-aspects/5.3.31/spring-aspects-5.3.31.jar:/builds/gitflic/gitflic/.m2/repository/org/flywaydb/flyway-core/8.5.13/flyway-core-8.5.13.jar:/builds/gitflic/gitflic/.m2/repository/org/postgresql/postgresql/42.3.8/postgresql-42.3.8.jar:/builds/gitflic/gitflic/.m2/repository/org/checkerframework/checker-qual/3.5.0/checker-qual-3.5.0.jar:/builds/gitflic/gitflic/.m2/repository/org/hibernate/hibernate-java8/5.6.15.Final/hibernate-java8-5.6.15.Final.jar:/builds/gitflic/gitflic/.m2/repository/org/jboss/logging/jboss-logging/3.4.3.Final/jboss-logging-3.4.3.Final.jar:/builds/gitflic/gitflic/.m2/repository/com/querydsl/querydsl-apt/5.0.0/querydsl-apt-5.0.0.jar:/builds/gitflic/gitflic/.m2/repository/com/querydsl/querydsl-codegen/5.0.0/querydsl-codegen-5.0.0.jar:/builds/gitflic/gitflic/.m2/repository/com/querydsl/codegen-utils/5.0.0/codegen-utils-5.0.0.jar:/builds/gitflic/gitflic/.m2/repository/org/eclipse/jdt/ecj/3.26.0/ecj-3.26.0.jar:/builds/gitflic/gitflic/.m2/repository/javax/inject/javax.inject/1/javax.inject-1.jar:/builds/gitflic/gitflic/.m2/repository/io/github/classgraph/classgraph/4.8.108/classgraph-4.8.108.jar:/builds/gitflic/gitflic/.m2/repository/com/vladmihalcea/hibernate-types-55/2.21.1/hibernate-types-55-2.21.1.jar:/builds/gitflic/gitflic/.m2/repository/com/querydsl/querydsl-jpa/5.0.0/querydsl-jpa-5.0.0.jar:/builds/gitflic/gitflic/.m2/repository/com/gitflic/runner-core/3.2.1/runner-core-3.2.1.jar:/builds/gitflic/gitflic/.m2/repository/org/antlr/antlr4-runtime/4.13.1/antlr4-runtime-4.13.1.jar:/builds/gitflic/gitflic/.m2/repository/com/google/re2j/re2j/1.6/re2j-1.6.jar:/builds/gitflic/gitflic/.m2/repository/org/apache/commons/commons-compress/1.21/commons-compress-1.21.jar:/builds/gitflic/gitflic/.m2/repository/org/eclipse/jgit/org.eclipse.jgit.lfs/6.8.0.202311151710-m2/org.eclipse.jgit.lfs-6.8.0.202311151710-m2.jar:/builds/gitflic/gitflic/.m2/repository/org/mockito/mockito-inline/4.11.0/mockito-inline-4.11.0.jar:/builds/gitflic/gitflic/.m2/repository/org/mockito/mockito-core/4.5.1/mockito-core-4.5.1.jar:/builds/gitflic/gitflic/.m2/repository/net/bytebuddy/byte-buddy-agent/1.12.23/byte-buddy-agent-1.12.23.jar:/builds/gitflic/gitflic/.m2/repository/org/objenesis/objenesis/3.2/objenesis-3.2.jar:/builds/gitflic/gitflic/.m2/repository/com/gitflic/antlr4-code-highlighter/highlight/1.2.2/highlight-1.2.2.jar:/builds/gitflic/gitflic/.m2/repository/com/gitflic/antlr4-code-highlighter/parser/1.2.2/parser-1.2.2.jar:/builds/gitflic/gitflic/.m2/repository/de/jflex/jflex/1.8.2/jflex-1.8.2.jar:/builds/gitflic/gitflic/.m2/repository/com/github/vbmacher/java-cup-runtime/11b-20160615/java-cup-runtime-11b-20160615.jar:/builds/gitflic/gitflic/.m2/repository/org/springframework/boot/spring-boot-starter-hateoas/2.7.18/spring-boot-starter-hateoas-2.7.18.jar:/builds/gitflic/gitflic/.m2/repository/org/springframework/boot/spring-boot-starter-web/2.7.18/spring-boot-starter-web-2.7.18.jar:/builds/gitflic/gitflic/.m2/repository/org/springframework/boot/spring-boot-starter-json/2.7.18/spring-boot-starter-json-2.7.18.jar:/builds/gitflic/gitflic/.m2/repository/com/fasterxml/jackson/datatype/jackson-datatype-jdk8/2.13.5/jackson-datatype-jdk8-2.13.5.jar:/builds/gitflic/gitflic/.m2/repository/com/fasterxml/jackson/datatype/jackson-datatype-jsr310/2.9.8/jackson-datatype-jsr310-2.9.8.jar:/builds/gitflic/gitflic/.m2/repository/com/fasterxml/jackson/module/jackson-module-parameter-names/2.13.5/jackson-module-parameter-names-2.13.5.jar:/builds/gitflic/gitflic/.m2/repository/org/springframework/boot/spring-boot-starter-tomcat/2.7.18/spring-boot-starter-tomcat-2.7.18.jar:/builds/gitflic/gitflic/.m2/repository/org/apache/tomcat/embed/tomcat-embed-core/9.0.89/tomcat-embed-core-9.0.89.jar:/builds/gitflic/gitflic/.m2/repository/org/apache/tomcat/embed/tomcat-embed-websocket/9.0.83/tomcat-embed-websocket-9.0.83.jar:/builds/gitflic/gitflic/.m2/repository/org/springframework/spring-webmvc/5.3.31/spring-webmvc-5.3.31.jar:/builds/gitflic/gitflic/.m2/repository/org/springframework/hateoas/spring-hateoas/1.5.6/spring-hateoas-1.5.6.jar:/builds/gitflic/gitflic/.m2/repository/org/springframework/plugin/spring-plugin-core/2.0.0.RELEASE/spring-plugin-core-2.0.0.RELEASE.jar:/builds/gitflic/gitflic/.m2/repository/org/springframework/boot/spring-boot-starter-validation/2.7.18/spring-boot-starter-validation-2.7.18.jar:/builds/gitflic/gitflic/.m2/repository/org/springframework/boot/spring-boot-starter/2.7.18/spring-boot-starter-2.7.18.jar:/builds/gitflic/gitflic/.m2/repository/org/springframework/boot/spring-boot-starter-logging/2.7.18/spring-boot-starter-logging-2.7.18.jar:/builds/gitflic/gitflic/.m2/repository/ch/qos/logback/logback-classic/1.2.12/logback-classic-1.2.12.jar:/builds/gitflic/gitflic/.m2/repository/ch/qos/logback/logback-core/1.2.12/logback-core-1.2.12.jar:/builds/gitflic/gitflic/.m2/repository/org/apache/logging/log4j/log4j-to-slf4j/2.17.2/log4j-to-slf4j-2.17.2.jar:/builds/gitflic/gitflic/.m2/repository/org/apache/logging/log4j/log4j-api/2.17.2/log4j-api-2.17.2.jar:/builds/gitflic/gitflic/.m2/repository/org/slf4j/jul-to-slf4j/1.7.36/jul-to-slf4j-1.7.36.jar:/builds/gitflic/gitflic/.m2/repository/jakarta/annotation/jakarta.annotation-api/1.3.5/jakarta.annotation-api-1.3.5.jar:/builds/gitflic/gitflic/.m2/repository/org/apache/tomcat/embed/tomcat-embed-el/9.0.83/tomcat-embed-el-9.0.83.jar:/builds/gitflic/gitflic/.m2/repository/org/hibernate/validator/hibernate-validator/6.2.5.Final/hibernate-validator-6.2.5.Final.jar:/builds/gitflic/gitflic/.m2/repository/jakarta/validation/jakarta.validation-api/2.0.2/jakarta.validation-api-2.0.2.jar:/builds/gitflic/gitflic/.m2/repository/com/fasterxml/classmate/1.5.1/classmate-1.5.1.jar:/builds/gitflic/gitflic/.m2/repository/org/jetbrains/annotations/24.0.1/annotations-24.0.1.jar:/builds/gitflic/gitflic/.m2/repository/javax/validation/validation-api/2.0.1.Final/validation-api-2.0.1.Final.jar:/builds/gitflic/gitflic/.m2/repository/commons-io/commons-io/2.16.1/commons-io-2.16.1.jar:/builds/gitflic/gitflic/.m2/repository/org/eclipse/jgit/org.eclipse.jgit/6.8.0.202311151710-m2/org.eclipse.jgit-6.8.0.202311151710-m2.jar:/builds/gitflic/gitflic/.m2/repository/com/googlecode/javaewah/JavaEWAH/1.2.3/JavaEWAH-1.2.3.jar:/builds/gitflic/gitflic/.m2/repository/org/slf4j/slf4j-api/1.7.36/slf4j-api-1.7.36.jar:/builds/gitflic/gitflic/.m2/repository/commons-codec/commons-codec/1.15/commons-codec-1.15.jar:/builds/gitflic/gitflic/.m2/repository/org/eclipse/jgit/org.eclipse.jgit.http.server/6.8.0.202311151710-m2/org.eclipse.jgit.http.server-6.8.0.202311151710-m2.jar:/builds/gitflic/gitflic/.m2/repository/org/eclipse/jgit/org.eclipse.jgit.gpg.bc/6.8.0.202311151710-m2/org.eclipse.jgit.gpg.bc-6.8.0.202311151710-m2.jar:/builds/gitflic/gitflic/.m2/repository/org/bouncycastle/bcpg-jdk18on/1.76/bcpg-jdk18on-1.76.jar:/builds/gitflic/gitflic/.m2/repository/org/bouncycastle/bcprov-jdk18on/1.76/bcprov-jdk18on-1.76.jar:/builds/gitflic/gitflic/.m2/repository/org/bouncycastle/bcutil-jdk18on/1.76/bcutil-jdk18on-1.76.jar:/builds/gitflic/gitflic/.m2/repository/org/bouncycastle/bcpkix-jdk18on/1.76/bcpkix-jdk18on-1.76.jar:/builds/gitflic/gitflic/.m2/repository/org/eclipse/jgit/org.eclipse.jgit.archive/6.8.0.202311151710-m2/org.eclipse.jgit.archive-6.8.0.202311151710-m2.jar:/builds/gitflic/gitflic/.m2/repository/org/osgi/org.osgi.core/6.0.0/org.osgi.core-6.0.0.jar:/builds/gitflic/gitflic/.m2/repository/com/vladsch/flexmark/flexmark-all/0.64.8/flexmark-all-0.64.8.jar:/builds/gitflic/gitflic/.m2/repository/com/vladsch/flexmark/flexmark/0.64.8/flexmark-0.64.8.jar:/builds/gitflic/gitflic/.m2/repository/com/vladsch/flexmark/flexmark-ext-abbreviation/0.64.8/flexmark-ext-abbreviation-0.64.8.jar:/builds/gitflic/gitflic/.m2/repository/com/vladsch/flexmark/flexmark-util/0.64.8/flexmark-util-0.64.8.jar:/builds/gitflic/gitflic/.m2/repository/com/vladsch/flexmark/flexmark-ext-admonition/0.64.8/flexmark-ext-admonition-0.64.8.jar:/builds/gitflic/gitflic/.m2/repository/com/vladsch/flexmark/flexmark-ext-anchorlink/0.64.8/flexmark-ext-anchorlink-0.64.8.jar:/builds/gitflic/gitflic/.m2/repository/com/vladsch/flexmark/flexmark-ext-aside/0.64.8/flexmark-ext-aside-0.64.8.jar:/builds/gitflic/gitflic/.m2/repository/com/vladsch/flexmark/flexmark-ext-attributes/0.64.8/flexmark-ext-attributes-0.64.8.jar:/builds/gitflic/gitflic/.m2/repository/com/vladsch/flexmark/flexmark-ext-autolink/0.64.8/flexmark-ext-autolink-0.64.8.jar:/builds/gitflic/gitflic/.m2/repository/org/nibor/autolink/autolink/0.6.0/autolink-0.6.0.jar:/builds/gitflic/gitflic/.m2/repository/com/vladsch/flexmark/flexmark-ext-definition/0.64.8/flexmark-ext-definition-0.64.8.jar:/builds/gitflic/gitflic/.m2/repository/com/vladsch/flexmark/flexmark-ext-emoji/0.64.8/flexmark-ext-emoji-0.64.8.jar:/builds/gitflic/gitflic/.m2/repository/com/vladsch/flexmark/flexmark-ext-enumerated-reference/0.64.8/flexmark-ext-enumerated-reference-0.64.8.jar:/builds/gitflic/gitflic/.m2/repository/com/vladsch/flexmark/flexmark-ext-escaped-character/0.64.8/flexmark-ext-escaped-character-0.64.8.jar:/builds/gitflic/gitflic/.m2/repository/com/vladsch/flexmark/flexmark-ext-footnotes/0.64.8/flexmark-ext-footnotes-0.64.8.jar:/builds/gitflic/gitflic/.m2/repository/com/vladsch/flexmark/flexmark-ext-gfm-issues/0.64.8/flexmark-ext-gfm-issues-0.64.8.jar:/builds/gitflic/gitflic/.m2/repository/com/vladsch/flexmark/flexmark-ext-gfm-strikethrough/0.64.8/flexmark-ext-gfm-strikethrough-0.64.8.jar:/builds/gitflic/gitflic/.m2/repository/com/vladsch/flexmark/flexmark-ext-gfm-tasklist/0.64.8/flexmark-ext-gfm-tasklist-0.64.8.jar:/builds/gitflic/gitflic/.m2/repository/com/vladsch/flexmark/flexmark-ext-gfm-users/0.64.8/flexmark-ext-gfm-users-0.64.8.jar:/builds/gitflic/gitflic/.m2/repository/com/vladsch/flexmark/flexmark-ext-gitlab/0.64.8/flexmark-ext-gitlab-0.64.8.jar:/builds/gitflic/gitflic/.m2/repository/com/vladsch/flexmark/flexmark-ext-jekyll-front-matter/0.64.8/flexmark-ext-jekyll-front-matter-0.64.8.jar:/builds/gitflic/gitflic/.m2/repository/com/vladsch/flexmark/flexmark-ext-jekyll-tag/0.64.8/flexmark-ext-jekyll-tag-0.64.8.jar:/builds/gitflic/gitflic/.m2/repository/com/vladsch/flexmark/flexmark-ext-media-tags/0.64.8/flexmark-ext-media-tags-0.64.8.jar:/builds/gitflic/gitflic/.m2/repository/com/vladsch/flexmark/flexmark-ext-resizable-image/0.64.8/flexmark-ext-resizable-image-0.64.8.jar:/builds/gitflic/gitflic/.m2/repository/com/vladsch/flexmark/flexmark-ext-macros/0.64.8/flexmark-ext-macros-0.64.8.jar:/builds/gitflic/gitflic/.m2/repository/com/vladsch/flexmark/flexmark-ext-ins/0.64.8/flexmark-ext-ins-0.64.8.jar:/builds/gitflic/gitflic/.m2/repository/com/vladsch/flexmark/flexmark-ext-xwiki-macros/0.64.8/flexmark-ext-xwiki-macros-0.64.8.jar:/builds/gitflic/gitflic/.m2/repository/com/vladsch/flexmark/flexmark-ext-superscript/0.64.8/flexmark-ext-superscript-0.64.8.jar:/builds/gitflic/gitflic/.m2/repository/com/vladsch/flexmark/flexmark-ext-tables/0.64.8/flexmark-ext-tables-0.64.8.jar:/builds/gitflic/gitflic/.m2/repository/com/vladsch/flexmark/flexmark-ext-toc/0.64.8/flexmark-ext-toc-0.64.8.jar:/builds/gitflic/gitflic/.m2/repository/com/vladsch/flexmark/flexmark-ext-typographic/0.64.8/flexmark-ext-typographic-0.64.8.jar:/builds/gitflic/gitflic/.m2/repository/com/vladsch/flexmark/flexmark-ext-wikilink/0.64.8/flexmark-ext-wikilink-0.64.8.jar:/builds/gitflic/gitflic/.m2/repository/com/vladsch/flexmark/flexmark-ext-yaml-front-matter/0.64.8/flexmark-ext-yaml-front-matter-0.64.8.jar:/builds/gitflic/gitflic/.m2/repository/com/vladsch/flexmark/flexmark-ext-youtube-embedded/0.64.8/flexmark-ext-youtube-embedded-0.64.8.jar:/builds/gitflic/gitflic/.m2/repository/com/vladsch/flexmark/flexmark-html2md-converter/0.64.8/flexmark-html2md-converter-0.64.8.jar:/builds/gitflic/gitflic/.m2/repository/com/vladsch/flexmark/flexmark-jira-converter/0.64.8/flexmark-jira-converter-0.64.8.jar:/builds/gitflic/gitflic/.m2/repository/com/vladsch/flexmark/flexmark-pdf-converter/0.64.8/flexmark-pdf-converter-0.64.8.jar:/builds/gitflic/gitflic/.m2/repository/com/ibm/icu/icu4j/72.1/icu4j-72.1.jar:/builds/gitflic/gitflic/.m2/repository/com/openhtmltopdf/openhtmltopdf-core/1.0.10/openhtmltopdf-core-1.0.10.jar:/builds/gitflic/gitflic/.m2/repository/com/openhtmltopdf/openhtmltopdf-pdfbox/1.0.10/openhtmltopdf-pdfbox-1.0.10.jar:/builds/gitflic/gitflic/.m2/repository/org/apache/pdfbox/pdfbox/2.0.24/pdfbox-2.0.24.jar:/builds/gitflic/gitflic/.m2/repository/org/apache/pdfbox/fontbox/2.0.24/fontbox-2.0.24.jar:/builds/gitflic/gitflic/.m2/repository/org/apache/pdfbox/xmpbox/2.0.24/xmpbox-2.0.24.jar:/builds/gitflic/gitflic/.m2/repository/de/rototor/pdfbox/graphics2d/0.32/graphics2d-0.32.jar:/builds/gitflic/gitflic/.m2/repository/com/openhtmltopdf/openhtmltopdf-rtl-support/1.0.10/openhtmltopdf-rtl-support-1.0.10.jar:/builds/gitflic/gitflic/.m2/repository/com/vladsch/flexmark/flexmark-profile-pegdown/0.64.8/flexmark-profile-pegdown-0.64.8.jar:/builds/gitflic/gitflic/.m2/repository/com/vladsch/flexmark/flexmark-util-ast/0.64.8/flexmark-util-ast-0.64.8.jar:/builds/gitflic/gitflic/.m2/repository/com/vladsch/flexmark/flexmark-util-builder/0.64.8/flexmark-util-builder-0.64.8.jar:/builds/gitflic/gitflic/.m2/repository/com/vladsch/flexmark/flexmark-util-collection/0.64.8/flexmark-util-collection-0.64.8.jar:/builds/gitflic/gitflic/.m2/repository/com/vladsch/flexmark/flexmark-util-data/0.64.8/flexmark-util-data-0.64.8.jar:/builds/gitflic/gitflic/.m2/repository/com/vladsch/flexmark/flexmark-util-dependency/0.64.8/flexmark-util-dependency-0.64.8.jar:/builds/gitflic/gitflic/.m2/repository/com/vladsch/flexmark/flexmark-util-format/0.64.8/flexmark-util-format-0.64.8.jar:/builds/gitflic/gitflic/.m2/repository/com/vladsch/flexmark/flexmark-util-html/0.64.8/flexmark-util-html-0.64.8.jar:/builds/gitflic/gitflic/.m2/repository/com/vladsch/flexmark/flexmark-util-misc/0.64.8/flexmark-util-misc-0.64.8.jar:/builds/gitflic/gitflic/.m2/repository/com/vladsch/flexmark/flexmark-util-options/0.64.8/flexmark-util-options-0.64.8.jar:/builds/gitflic/gitflic/.m2/repository/com/vladsch/flexmark/flexmark-util-sequence/0.64.8/flexmark-util-sequence-0.64.8.jar:/builds/gitflic/gitflic/.m2/repository/com/vladsch/flexmark/flexmark-util-visitor/0.64.8/flexmark-util-visitor-0.64.8.jar:/builds/gitflic/gitflic/.m2/repository/com/vladsch/flexmark/flexmark-youtrack-converter/0.64.8/flexmark-youtrack-converter-0.64.8.jar:/builds/gitflic/gitflic/.m2/repository/org/apache/commons/commons-text/1.10.0/commons-text-1.10.0.jar:/builds/gitflic/gitflic/.m2/repository/org/apache/commons/commons-lang3/3.12.0/commons-lang3-3.12.0.jar:/builds/gitflic/gitflic/.m2/repository/org/jsoup/jsoup/1.16.2/jsoup-1.16.2.jar:/builds/gitflic/gitflic/.m2/repository/org/jboss/aerogear/aerogear-otp-java/1.0.0/aerogear-otp-java-1.0.0.jar:/builds/gitflic/gitflic/.m2/repository/net/i2p/crypto/eddsa/0.3.0/eddsa-0.3.0.jar:/builds/gitflic/gitflic/.m2/repository/com/konghq/unirest-java/3.13.13/unirest-java-3.13.13.jar:/builds/gitflic/gitflic/.m2/repository/org/apache/httpcomponents/httpclient/4.5.14/httpclient-4.5.14.jar:/builds/gitflic/gitflic/.m2/repository/org/apache/httpcomponents/httpcore/4.4.16/httpcore-4.4.16.jar:/builds/gitflic/gitflic/.m2/repository/org/apache/httpcomponents/httpmime/4.5.14/httpmime-4.5.14.jar:/builds/gitflic/gitflic/.m2/repository/org/apache/httpcomponents/httpcore-nio/4.4.16/httpcore-nio-4.4.16.jar:/builds/gitflic/gitflic/.m2/repository/org/apache/httpcomponents/httpasyncclient/4.1.5/httpasyncclient-4.1.5.jar:/builds/gitflic/gitflic/.m2/repository/com/google/code/gson/gson/2.9.1/gson-2.9.1.jar:/builds/gitflic/gitflic/.m2/repository/org/springframework/security/spring-security-config/5.7.11/spring-security-config-5.7.11.jar:/builds/gitflic/gitflic/.m2/repository/org/springframework/security/spring-security-core/5.7.12/spring-security-core-5.7.12.jar:/builds/gitflic/gitflic/.m2/repository/org/springframework/security/spring-security-crypto/5.7.11/spring-security-crypto-5.7.11.jar:/builds/gitflic/gitflic/.m2/repository/org/springframework/spring-aop/5.3.31/spring-aop-5.3.31.jar:/builds/gitflic/gitflic/.m2/repository/org/springframework/spring-beans/5.3.31/spring-beans-5.3.31.jar:/builds/gitflic/gitflic/.m2/repository/org/springframework/spring-context/5.3.31/spring-context-5.3.31.jar:/builds/gitflic/gitflic/.m2/repository/org/springframework/spring-core/5.3.31/spring-core-5.3.31.jar:/builds/gitflic/gitflic/.m2/repository/org/springframework/spring-jcl/5.3.31/spring-jcl-5.3.31.jar:/builds/gitflic/gitflic/.m2/repository/org/springframework/boot/spring-boot-starter-integration/2.7.18/spring-boot-starter-integration-2.7.18.jar:/builds/gitflic/gitflic/.m2/repository/org/springframework/boot/spring-boot-starter-aop/2.7.18/spring-boot-starter-aop-2.7.18.jar:/builds/gitflic/gitflic/.m2/repository/org/aspectj/aspectjweaver/1.9.7/aspectjweaver-1.9.7.jar:/builds/gitflic/gitflic/.m2/repository/org/springframework/integration/spring-integration-core/5.5.20/spring-integration-core-5.5.20.jar:/builds/gitflic/gitflic/.m2/repository/org/springframework/spring-messaging/5.3.31/spring-messaging-5.3.31.jar:/builds/gitflic/gitflic/.m2/repository/org/springframework/boot/spring-boot-starter-mail/2.7.18/spring-boot-starter-mail-2.7.18.jar:/builds/gitflic/gitflic/.m2/repository/org/springframework/spring-context-support/5.3.31/spring-context-support-5.3.31.jar:/builds/gitflic/gitflic/.m2/repository/com/sun/mail/jakarta.mail/1.6.7/jakarta.mail-1.6.7.jar:/builds/gitflic/gitflic/.m2/repository/com/sun/activation/jakarta.activation/1.2.2/jakarta.activation-1.2.2.jar:/builds/gitflic/gitflic/.m2/repository/org/springframework/security/spring-security-web/5.7.11/spring-security-web-5.7.11.jar:/builds/gitflic/gitflic/.m2/repository/org/springframework/spring-expression/5.3.31/spring-expression-5.3.31.jar:/builds/gitflic/gitflic/.m2/repository/org/springframework/spring-web/5.3.31/spring-web-5.3.31.jar:/builds/gitflic/gitflic/.m2/repository/io/sentry/sentry-spring/1.7.30/sentry-spring-1.7.30.jar:/builds/gitflic/gitflic/.m2/repository/io/sentry/sentry/1.7.30/sentry-1.7.30.jar:/builds/gitflic/gitflic/.m2/repository/com/sendgrid/sendgrid-java/4.9.3/sendgrid-java-4.9.3.jar:/builds/gitflic/gitflic/.m2/repository/com/sendgrid/java-http-client/4.5.0/java-http-client-4.5.0.jar:/builds/gitflic/gitflic/.m2/repository/com/fasterxml/jackson/core/jackson-core/2.13.5/jackson-core-2.13.5.jar:/builds/gitflic/gitflic/.m2/repository/com/fasterxml/jackson/core/jackson-annotations/2.13.5/jackson-annotations-2.13.5.jar:/builds/gitflic/gitflic/.m2/repository/com/fasterxml/jackson/core/jackson-databind/2.13.5/jackson-databind-2.13.5.jar:/builds/gitflic/gitflic/.m2/repository/org/bouncycastle/bcprov-jdk15on/1.70/bcprov-jdk15on-1.70.jar:/builds/gitflic/gitflic/.m2/repository/org/apache/sshd/sshd-core/2.9.3/sshd-core-2.9.3.jar:/builds/gitflic/gitflic/.m2/repository/org/apache/sshd/sshd-common/2.9.3/sshd-common-2.9.3.jar:/builds/gitflic/gitflic/.m2/repository/org/slf4j/jcl-over-slf4j/1.7.36/jcl-over-slf4j-1.7.36.jar:/builds/gitflic/gitflic/.m2/repository/org/springframework/boot/spring-boot-starter-data-redis/2.7.18/spring-boot-starter-data-redis-2.7.18.jar:/builds/gitflic/gitflic/.m2/repository/org/springframework/data/spring-data-redis/2.7.18/spring-data-redis-2.7.18.jar:/builds/gitflic/gitflic/.m2/repository/org/springframework/data/spring-data-keyvalue/2.7.18/spring-data-keyvalue-2.7.18.jar:/builds/gitflic/gitflic/.m2/repository/org/springframework/spring-oxm/5.3.31/spring-oxm-5.3.31.jar:/builds/gitflic/gitflic/.m2/repository/io/lettuce/lettuce-core/6.1.10.RELEASE/lettuce-core-6.1.10.RELEASE.jar:/builds/gitflic/gitflic/.m2/repository/org/springframework/session/spring-session-data-redis/2.7.4/spring-session-data-redis-2.7.4.jar:/builds/gitflic/gitflic/.m2/repository/org/springframework/session/spring-session-core/2.7.4/spring-session-core-2.7.4.jar:/builds/gitflic/gitflic/.m2/repository/org/springframework/security/spring-security-taglibs/5.7.11/spring-security-taglibs-5.7.11.jar:/builds/gitflic/gitflic/.m2/repository/org/springframework/security/spring-security-acl/5.7.11/spring-security-acl-5.7.11.jar:/builds/gitflic/gitflic/.m2/repository/org/springframework/spring-jdbc/5.3.31/spring-jdbc-5.3.31.jar:/builds/gitflic/gitflic/.m2/repository/org/apache/tomcat/tomcat-jsp-api/9.0.83/tomcat-jsp-api-9.0.83.jar:/builds/gitflic/gitflic/.m2/repository/org/apache/tomcat/tomcat-el-api/9.0.83/tomcat-el-api-9.0.83.jar:/builds/gitflic/gitflic/.m2/repository/org/apache/tomcat/tomcat-servlet-api/9.0.83/tomcat-servlet-api-9.0.83.jar:/builds/gitflic/gitflic/.m2/repository/org/springframework/boot/spring-boot-starter-freemarker/2.7.18/spring-boot-starter-freemarker-2.7.18.jar:/builds/gitflic/gitflic/.m2/repository/org/freemarker/freemarker/2.3.32/freemarker-2.3.32.jar:/builds/gitflic/gitflic/.m2/repository/com/github/slugify/slugify/3.0.6/slugify-3.0.6.jar:/builds/gitflic/gitflic/.m2/repository/com/google/zxing/core/3.5.0/core-3.5.0.jar:/builds/gitflic/gitflic/.m2/repository/com/google/zxing/javase/3.5.0/javase-3.5.0.jar:/builds/gitflic/gitflic/.m2/repository/com/beust/jcommander/1.82/jcommander-1.82.jar:/builds/gitflic/gitflic/.m2/repository/com/github/jai-imageio/jai-imageio-core/1.4.0/jai-imageio-core-1.4.0.jar:/builds/gitflic/gitflic/.m2/repository/commons-validator/commons-validator/1.7/commons-validator-1.7.jar:/builds/gitflic/gitflic/.m2/repository/commons-beanutils/commons-beanutils/1.9.4/commons-beanutils-1.9.4.jar:/builds/gitflic/gitflic/.m2/repository/commons-digester/commons-digester/2.1/commons-digester-2.1.jar:/builds/gitflic/gitflic/.m2/repository/commons-logging/commons-logging/1.2/commons-logging-1.2.jar:/builds/gitflic/gitflic/.m2/repository/commons-collections/commons-collections/3.2.2/commons-collections-3.2.2.jar:/builds/gitflic/gitflic/.m2/repository/com/github/oshi/oshi-core-java11/6.4.0/oshi-core-java11-6.4.0.jar:/builds/gitflic/gitflic/.m2/repository/net/java/dev/jna/jna-jpms/5.12.1/jna-jpms-5.12.1.jar:/builds/gitflic/gitflic/.m2/repository/net/java/dev/jna/jna-platform-jpms/5.12.1/jna-platform-jpms-5.12.1.jar:/builds/gitflic/gitflic/.m2/repository/com/querydsl/querydsl-sql/5.0.0/querydsl-sql-5.0.0.jar:/builds/gitflic/gitflic/.m2/repository/com/querydsl/querydsl-core/5.0.0/querydsl-core-5.0.0.jar:/builds/gitflic/gitflic/.m2/repository/com/mysema/commons/mysema-commons-lang/0.2.4/mysema-commons-lang-0.2.4.jar:/builds/gitflic/gitflic/.m2/repository/org/togglz/togglz-spring-boot-starter/3.2.1/togglz-spring-boot-starter-3.2.1.jar:/builds/gitflic/gitflic/.m2/repository/org/thymeleaf/thymeleaf/3.0.15.RELEASE/thymeleaf-3.0.15.RELEASE.jar:/builds/gitflic/gitflic/.m2/repository/ognl/ognl/3.1.26/ognl-3.1.26.jar:/builds/gitflic/gitflic/.m2/repository/org/javassist/javassist/3.20.0-GA/javassist-3.20.0-GA.jar:/builds/gitflic/gitflic/.m2/repository/org/attoparser/attoparser/2.0.5.RELEASE/attoparser-2.0.5.RELEASE.jar:/builds/gitflic/gitflic/.m2/repository/org/unbescape/unbescape/1.1.6.RELEASE/unbescape-1.1.6.RELEASE.jar:/builds/gitflic/gitflic/.m2/repository/org/thymeleaf/thymeleaf-spring5/3.0.15.RELEASE/thymeleaf-spring5-3.0.15.RELEASE.jar:/builds/gitflic/gitflic/.m2/repository/org/togglz/togglz-spring-core/3.2.1/togglz-spring-core-3.2.1.jar:/builds/gitflic/gitflic/.m2/repository/org/togglz/togglz-core/3.2.1/togglz-core-3.2.1.jar:/builds/gitflic/gitflic/.m2/repository/org/togglz/togglz-spring-web/3.2.1/togglz-spring-web-3.2.1.jar:/builds/gitflic/gitflic/.m2/repository/org/togglz/togglz-servlet/3.2.1/togglz-servlet-3.2.1.jar:/builds/gitflic/gitflic/.m2/repository/org/springframework/boot/spring-boot-starter-test/2.7.18/spring-boot-starter-test-2.7.18.jar:/builds/gitflic/gitflic/.m2/repository/org/springframework/boot/spring-boot-test-autoconfigure/2.7.18/spring-boot-test-autoconfigure-2.7.18.jar:/builds/gitflic/gitflic/.m2/repository/com/jayway/jsonpath/json-path/2.7.0/json-path-2.7.0.jar:/builds/gitflic/gitflic/.m2/repository/net/minidev/json-smart/2.4.11/json-smart-2.4.11.jar:/builds/gitflic/gitflic/.m2/repository/net/minidev/accessors-smart/2.4.11/accessors-smart-2.4.11.jar:/builds/gitflic/gitflic/.m2/repository/org/ow2/asm/asm/9.3/asm-9.3.jar:/builds/gitflic/gitflic/.m2/repository/jakarta/xml/bind/jakarta.xml.bind-api/2.3.3/jakarta.xml.bind-api-2.3.3.jar:/builds/gitflic/gitflic/.m2/repository/jakarta/activation/jakarta.activation-api/1.2.2/jakarta.activation-api-1.2.2.jar:/builds/gitflic/gitflic/.m2/repository/org/assertj/assertj-core/3.22.0/assertj-core-3.22.0.jar:/builds/gitflic/gitflic/.m2/repository/org/hamcrest/hamcrest/2.2/hamcrest-2.2.jar:/builds/gitflic/gitflic/.m2/repository/org/junit/jupiter/junit-jupiter/5.8.2/junit-jupiter-5.8.2.jar:/builds/gitflic/gitflic/.m2/repository/org/junit/jupiter/junit-jupiter-api/5.8.2/junit-jupiter-api-5.8.2.jar:/builds/gitflic/gitflic/.m2/repository/org/junit/jupiter/junit-jupiter-params/5.8.2/junit-jupiter-params-5.8.2.jar:/builds/gitflic/gitflic/.m2/repository/org/junit/jupiter/junit-jupiter-engine/5.8.2/junit-jupiter-engine-5.8.2.jar:/builds/gitflic/gitflic/.m2/repository/org/mockito/mockito-junit-jupiter/4.5.1/mockito-junit-jupiter-4.5.1.jar:/builds/gitflic/gitflic/.m2/repository/org/skyscreamer/jsonassert/1.5.1/jsonassert-1.5.1.jar:/builds/gitflic/gitflic/.m2/repository/com/vaadin/external/google/android-json/0.0.20131108.vaadin1/android-json-0.0.20131108.vaadin1.jar:/builds/gitflic/gitflic/.m2/repository/org/springframework/spring-test/5.3.31/spring-test-5.3.31.jar:/builds/gitflic/gitflic/.m2/repository/org/xmlunit/xmlunit-core/2.9.1/xmlunit-core-2.9.1.jar:/builds/gitflic/gitflic/.m2/repository/org/telegram/telegrambots-spring-boot-starter/6.1.0/telegrambots-spring-boot-starter-6.1.0.jar:/builds/gitflic/gitflic/.m2/repository/org/telegram/telegrambots/6.1.0/telegrambots-6.1.0.jar:/builds/gitflic/gitflic/.m2/repository/org/telegram/telegrambots-meta/6.1.0/telegrambots-meta-6.1.0.jar:/builds/gitflic/gitflic/.m2/repository/com/fasterxml/jackson/jaxrs/jackson-jaxrs-json-provider/2.13.5/jackson-jaxrs-json-provider-2.13.5.jar:/builds/gitflic/gitflic/.m2/repository/com/fasterxml/jackson/jaxrs/jackson-jaxrs-base/2.13.5/jackson-jaxrs-base-2.13.5.jar:/builds/gitflic/gitflic/.m2/repository/com/fasterxml/jackson/module/jackson-module-jaxb-annotations/2.13.5/jackson-module-jaxb-annotations-2.13.5.jar:/builds/gitflic/gitflic/.m2/repository/org/glassfish/jersey/inject/jersey-hk2/2.35/jersey-hk2-2.35.jar:/builds/gitflic/gitflic/.m2/repository/org/glassfish/jersey/core/jersey-common/2.35/jersey-common-2.35.jar:/builds/gitflic/gitflic/.m2/repository/org/glassfish/hk2/osgi-resource-locator/1.0.3/osgi-resource-locator-1.0.3.jar:/builds/gitflic/gitflic/.m2/repository/org/glassfish/hk2/hk2-locator/2.6.1/hk2-locator-2.6.1.jar:/builds/gitflic/gitflic/.m2/repository/org/glassfish/hk2/external/aopalliance-repackaged/2.6.1/aopalliance-repackaged-2.6.1.jar:/builds/gitflic/gitflic/.m2/repository/org/glassfish/hk2/hk2-api/2.6.1/hk2-api-2.6.1.jar:/builds/gitflic/gitflic/.m2/repository/org/glassfish/hk2/hk2-utils/2.6.1/hk2-utils-2.6.1.jar:/builds/gitflic/gitflic/.m2/repository/org/glassfish/jersey/media/jersey-media-json-jackson/2.35/jersey-media-json-jackson-2.35.jar:/builds/gitflic/gitflic/.m2/repository/org/glassfish/jersey/ext/jersey-entity-filtering/2.35/jersey-entity-filtering-2.35.jar:/builds/gitflic/gitflic/.m2/repository/org/glassfish/jersey/containers/jersey-container-grizzly2-http/2.35/jersey-container-grizzly2-http-2.35.jar:/builds/gitflic/gitflic/.m2/repository/org/glassfish/hk2/external/jakarta.inject/2.6.1/jakarta.inject-2.6.1.jar:/builds/gitflic/gitflic/.m2/repository/org/glassfish/grizzly/grizzly-http-server/2.4.4/grizzly-http-server-2.4.4.jar:/builds/gitflic/gitflic/.m2/repository/org/glassfish/grizzly/grizzly-http/2.4.4/grizzly-http-2.4.4.jar:/builds/gitflic/gitflic/.m2/repository/org/glassfish/grizzly/grizzly-framework/2.4.4/grizzly-framework-2.4.4.jar:/builds/gitflic/gitflic/.m2/repository/jakarta/ws/rs/jakarta.ws.rs-api/2.1.6/jakarta.ws.rs-api-2.1.6.jar:/builds/gitflic/gitflic/.m2/repository/org/glassfish/jersey/core/jersey-server/2.35/jersey-server-2.35.jar:/builds/gitflic/gitflic/.m2/repository/org/glassfish/jersey/core/jersey-client/2.35/jersey-client-2.35.jar:/builds/gitflic/gitflic/.m2/repository/org/json/json/20220320/json-20220320.jar:/builds/gitflic/gitflic/.m2/repository/org/springframework/boot/spring-boot/2.7.18/spring-boot-2.7.18.jar:/builds/gitflic/gitflic/.m2/repository/org/springframework/boot/spring-boot-autoconfigure/2.7.18/spring-boot-autoconfigure-2.7.18.jar:/builds/gitflic/gitflic/.m2/repository/org/springframework/boot/spring-boot-test/2.7.18/spring-boot-test-2.7.18.jar:/builds/gitflic/gitflic/.m2/repository/junit/junit/4.13.2/junit-4.13.2.jar:/builds/gitflic/gitflic/.m2/repository/org/hamcrest/hamcrest-core/2.2/hamcrest-core-2.2.jar:/builds/gitflic/gitflic/.m2/repository/org/apache/tika/tika-core/2.9.1/tika-core-2.9.1.jar:/builds/gitflic/gitflic/.m2/repository/org/apache/commons/commons-collections4/4.4/commons-collections4-4.4.jar:/builds/gitflic/gitflic/.m2/repository/org/apache/ant/ant/1.10.14/ant-1.10.14.jar:/builds/gitflic/gitflic/.m2/repository/org/apache/ant/ant-launcher/1.10.14/ant-launcher-1.10.14.jar:/builds/gitflic/gitflic/.m2/repository/com/fasterxml/jackson/dataformat/jackson-dataformat-yaml/2.9.8/jackson-dataformat-yaml-2.9.8.jar:/builds/gitflic/gitflic/.m2/repository/org/yaml/snakeyaml/1.30/snakeyaml-1.30.jar:/builds/gitflic/gitflic/.m2/repository/org/jgrapht/jgrapht-core/1.5.2/jgrapht-core-1.5.2.jar:/builds/gitflic/gitflic/.m2/repository/org/jheaps/jheaps/0.14/jheaps-0.14.jar:/builds/gitflic/gitflic/.m2/repository/org/apfloat/apfloat/1.10.1/apfloat-1.10.1.jar:/builds/gitflic/gitflic/.m2/repository/org/jgrapht/jgrapht-io/1.5.2/jgrapht-io-1.5.2.jar:/builds/gitflic/gitflic/.m2/repository/org/springframework/ldap/spring-ldap-core/2.3.6.RELEASE/spring-ldap-core-2.3.6.RELEASE.jar:/builds/gitflic/gitflic/.m2/repository/org/springframework/spring-tx/5.3.31/spring-tx-5.3.31.jar:/builds/gitflic/gitflic/.m2/repository/com/auth0/java-jwt/4.4.0/java-jwt-4.4.0.jar:/builds/gitflic/gitflic/.m2/repository/org/springframework/security/extensions/spring-security-saml2-core/1.0.10.RELEASE/spring-security-saml2-core-1.0.10.RELEASE.jar:/builds/gitflic/gitflic/.m2/repository/com/narupley/not-going-to-be-commons-ssl/0.3.20/not-going-to-be-commons-ssl-0.3.20.jar:/builds/gitflic/gitflic/.m2/repository/org/bouncycastle/bcprov-ext-jdk15on/1.60/bcprov-ext-jdk15on-1.60.jar:/builds/gitflic/gitflic/.m2/repository/commons-httpclient/commons-httpclient/3.1/commons-httpclient-3.1.jar:/builds/gitflic/gitflic/.m2/repository/org/apache/santuario/xmlsec/1.5.8/xmlsec-1.5.8.jar:/builds/gitflic/gitflic/.m2/repository/org/apache/velocity/velocity-engine-core/2.0/velocity-engine-core-2.0.jar:/builds/gitflic/gitflic/.m2/repository/org/bouncycastle/bcpkix-jdk15on/1.64/bcpkix-jdk15on-1.64.jar:/builds/gitflic/gitflic/.m2/repository/org/opensaml/opensaml/2.6.6/opensaml-2.6.6.jar:/builds/gitflic/gitflic/.m2/repository/org/opensaml/openws/1.5.6/openws-1.5.6.jar:/builds/gitflic/gitflic/.m2/repository/org/opensaml/xmltooling/1.4.6/xmltooling-1.4.6.jar:/builds/gitflic/gitflic/.m2/repository/commons-lang/commons-lang/2.6/commons-lang-2.6.jar:/builds/gitflic/gitflic/.m2/repository/joda-time/joda-time/2.2/joda-time-2.2.jar:/builds/gitflic/gitflic/.m2/repository/org/owasp/esapi/esapi/2.2.0.0/esapi-2.2.0.0.jar:/builds/gitflic/gitflic/.m2/repository/com/io7m/xom/xom/1.2.10/xom-1.2.10.jar:/builds/gitflic/gitflic/.m2/repository/org/apache-extras/beanshell/bsh/2.0b6/bsh-2.0b6.jar:/builds/gitflic/gitflic/.m2/repository/xerces/xercesImpl/2.12.0/xercesImpl-2.12.0.jar:/builds/gitflic/gitflic/.m2/repository/xalan/xalan/2.7.2/xalan-2.7.2.jar:/builds/gitflic/gitflic/.m2/repository/xalan/serializer/2.7.2/serializer-2.7.2.jar:/builds/gitflic/gitflic/.m2/repository/xml-apis/xml-apis/1.4.01/xml-apis-1.4.01.jar:/builds/gitflic/gitflic/.m2/repository/com/squareup/okhttp3/okhttp/4.10.0/okhttp-4.10.0.jar:/builds/gitflic/gitflic/.m2/repository/com/squareup/okio/okio-jvm/3.0.0/okio-jvm-3.0.0.jar:/builds/gitflic/gitflic/.m2/repository/org/jetbrains/kotlin/kotlin-stdlib-jdk8/1.6.21/kotlin-stdlib-jdk8-1.6.21.jar:/builds/gitflic/gitflic/.m2/repository/org/jetbrains/kotlin/kotlin-stdlib-jdk7/1.6.21/kotlin-stdlib-jdk7-1.6.21.jar:/builds/gitflic/gitflic/.m2/repository/org/jetbrains/kotlin/kotlin-stdlib-common/1.6.21/kotlin-stdlib-common-1.6.21.jar:/builds/gitflic/gitflic/.m2/repository/org/jetbrains/kotlin/kotlin-stdlib/1.6.21/kotlin-stdlib-1.6.21.jar:/builds/gitflic/gitflic/.m2/repository/com/yandex/cloud/java-sdk-services/2.6.4/java-sdk-services-2.6.4.jar:/builds/gitflic/gitflic/.m2/repository/io/grpc/grpc-netty-shaded/1.43.2/grpc-netty-shaded-1.43.2.jar:/builds/gitflic/gitflic/.m2/repository/com/google/guava/guava/31.1-jre/guava-31.1-jre.jar:/builds/gitflic/gitflic/.m2/repository/com/google/guava/failureaccess/1.0.1/failureaccess-1.0.1.jar:/builds/gitflic/gitflic/.m2/repository/com/google/guava/listenablefuture/9999.0-empty-to-avoid-conflict-with-guava/listenablefuture-9999.0-empty-to-avoid-conflict-with-guava.jar:/builds/gitflic/gitflic/.m2/repository/com/google/code/findbugs/jsr305/3.0.2/jsr305-3.0.2.jar:/builds/gitflic/gitflic/.m2/repository/com/google/j2objc/j2objc-annotations/1.3/j2objc-annotations-1.3.jar:/builds/gitflic/gitflic/.m2/repository/com/google/errorprone/error_prone_annotations/2.9.0/error_prone_annotations-2.9.0.jar:/builds/gitflic/gitflic/.m2/repository/io/perfmark/perfmark-api/0.23.0/perfmark-api-0.23.0.jar:/builds/gitflic/gitflic/.m2/repository/io/grpc/grpc-core/1.43.2/grpc-core-1.43.2.jar:/builds/gitflic/gitflic/.m2/repository/io/grpc/grpc-api/1.43.2/grpc-api-1.43.2.jar:/builds/gitflic/gitflic/.m2/repository/io/grpc/grpc-context/1.43.2/grpc-context-1.43.2.jar:/builds/gitflic/gitflic/.m2/repository/com/google/android/annotations/4.1.1.4/annotations-4.1.1.4.jar:/builds/gitflic/gitflic/.m2/repository/org/codehaus/mojo/animal-sniffer-annotations/1.19/animal-sniffer-annotations-1.19.jar:/builds/gitflic/gitflic/.m2/repository/com/yandex/cloud/java-genproto/2.6.4/java-genproto-2.6.4.jar:/builds/gitflic/gitflic/.m2/repository/io/grpc/grpc-services/1.43.2/grpc-services-1.43.2.jar:/builds/gitflic/gitflic/.m2/repository/io/grpc/grpc-protobuf/1.43.2/grpc-protobuf-1.43.2.jar:/builds/gitflic/gitflic/.m2/repository/com/google/protobuf/protobuf-java/3.19.2/protobuf-java-3.19.2.jar:/builds/gitflic/gitflic/.m2/repository/com/google/api/grpc/proto-google-common-protos/2.0.1/proto-google-common-protos-2.0.1.jar:/builds/gitflic/gitflic/.m2/repository/io/grpc/grpc-protobuf-lite/1.43.2/grpc-protobuf-lite-1.43.2.jar:/builds/gitflic/gitflic/.m2/repository/io/grpc/grpc-stub/1.43.2/grpc-stub-1.43.2.jar:/builds/gitflic/gitflic/.m2/repository/com/google/protobuf/protobuf-java-util/3.19.2/protobuf-java-util-3.19.2.jar:/builds/gitflic/gitflic/.m2/repository/javax/annotation/javax.annotation-api/1.3.2/javax.annotation-api-1.3.2.jar:/builds/gitflic/gitflic/.m2/repository/com/yandex/cloud/java-sdk-auth/2.6.4/java-sdk-auth-2.6.4.jar:/builds/gitflic/gitflic/.m2/repository/io/jsonwebtoken/jjwt-api/0.10.8/jjwt-api-0.10.8.jar:/builds/gitflic/gitflic/.m2/repository/io/jsonwebtoken/jjwt-impl/0.10.8/jjwt-impl-0.10.8.jar:/builds/gitflic/gitflic/.m2/repository/io/jsonwebtoken/jjwt-jackson/0.10.8/jjwt-jackson-0.10.8.jar:/builds/gitflic/gitflic/.m2/repository/software/amazon/awssdk/s3/2.20.103/s3-2.20.103.jar:/builds/gitflic/gitflic/.m2/repository/software/amazon/awssdk/aws-xml-protocol/2.20.103/aws-xml-protocol-2.20.103.jar:/builds/gitflic/gitflic/.m2/repository/software/amazon/awssdk/aws-query-protocol/2.20.103/aws-query-protocol-2.20.103.jar:/builds/gitflic/gitflic/.m2/repository/software/amazon/awssdk/protocol-core/2.20.103/protocol-core-2.20.103.jar:/builds/gitflic/gitflic/.m2/repository/software/amazon/awssdk/arns/2.20.103/arns-2.20.103.jar:/builds/gitflic/gitflic/.m2/repository/software/amazon/awssdk/profiles/2.20.103/profiles-2.20.103.jar:/builds/gitflic/gitflic/.m2/repository/software/amazon/awssdk/crt-core/2.20.103/crt-core-2.20.103.jar:/builds/gitflic/gitflic/.m2/repository/software/amazon/awssdk/sdk-core/2.20.103/sdk-core-2.20.103.jar:/builds/gitflic/gitflic/.m2/repository/software/amazon/awssdk/auth/2.20.103/auth-2.20.103.jar:/builds/gitflic/gitflic/.m2/repository/software/amazon/eventstream/eventstream/1.0.1/eventstream-1.0.1.jar:/builds/gitflic/gitflic/.m2/repository/software/amazon/awssdk/http-client-spi/2.20.103/http-client-spi-2.20.103.jar:/builds/gitflic/gitflic/.m2/repository/software/amazon/awssdk/regions/2.20.103/regions-2.20.103.jar:/builds/gitflic/gitflic/.m2/repository/software/amazon/awssdk/annotations/2.20.103/annotations-2.20.103.jar:/builds/gitflic/gitflic/.m2/repository/software/amazon/awssdk/utils/2.20.103/utils-2.20.103.jar:/builds/gitflic/gitflic/.m2/repository/software/amazon/awssdk/aws-core/2.20.103/aws-core-2.20.103.jar:/builds/gitflic/gitflic/.m2/repository/software/amazon/awssdk/metrics-spi/2.20.103/metrics-spi-2.20.103.jar:/builds/gitflic/gitflic/.m2/repository/software/amazon/awssdk/json-utils/2.20.103/json-utils-2.20.103.jar:/builds/gitflic/gitflic/.m2/repository/software/amazon/awssdk/third-party-jackson-core/2.20.103/third-party-jackson-core-2.20.103.jar:/builds/gitflic/gitflic/.m2/repository/software/amazon/awssdk/endpoints-spi/2.20.103/endpoints-spi-2.20.103.jar:/builds/gitflic/gitflic/.m2/repository/software/amazon/awssdk/apache-client/2.20.103/apache-client-2.20.103.jar:/builds/gitflic/gitflic/.m2/repository/software/amazon/awssdk/netty-nio-client/2.20.103/netty-nio-client-2.20.103.jar:/builds/gitflic/gitflic/.m2/repository/io/netty/netty-codec-http/4.1.101.Final/netty-codec-http-4.1.101.Final.jar:/builds/gitflic/gitflic/.m2/repository/io/netty/netty-codec-http2/4.1.101.Final/netty-codec-http2-4.1.101.Final.jar:/builds/gitflic/gitflic/.m2/repository/io/netty/netty-transport-classes-epoll/4.1.101.Final/netty-transport-classes-epoll-4.1.101.Final.jar:/builds/gitflic/gitflic/.m2/repository/org/springframework/retry/spring-retry/1.3.4/spring-retry-1.3.4.jar:/builds/gitflic/gitflic/.m2/repository/org/redisson/redisson/3.25.0/redisson-3.25.0.jar:/builds/gitflic/gitflic/.m2/repository/io/netty/netty-common/4.1.101.Final/netty-common-4.1.101.Final.jar:/builds/gitflic/gitflic/.m2/repository/io/netty/netty-codec/4.1.101.Final/netty-codec-4.1.101.Final.jar:/builds/gitflic/gitflic/.m2/repository/io/netty/netty-buffer/4.1.101.Final/netty-buffer-4.1.101.Final.jar:/builds/gitflic/gitflic/.m2/repository/io/netty/netty-transport/4.1.101.Final/netty-transport-4.1.101.Final.jar:/builds/gitflic/gitflic/.m2/repository/io/netty/netty-resolver/4.1.101.Final/netty-resolver-4.1.101.Final.jar:/builds/gitflic/gitflic/.m2/repository/io/netty/netty-resolver-dns/4.1.101.Final/netty-resolver-dns-4.1.101.Final.jar:/builds/gitflic/gitflic/.m2/repository/io/netty/netty-codec-dns/4.1.101.Final/netty-codec-dns-4.1.101.Final.jar:/builds/gitflic/gitflic/.m2/repository/io/netty/netty-handler/4.1.101.Final/netty-handler-4.1.101.Final.jar:/builds/gitflic/gitflic/.m2/repository/io/netty/netty-transport-native-unix-common/4.1.101.Final/netty-transport-native-unix-common-4.1.101.Final.jar:/builds/gitflic/gitflic/.m2/repository/javax/cache/cache-api/1.1.1/cache-api-1.1.1.jar:/builds/gitflic/gitflic/.m2/repository/io/projectreactor/reactor-core/3.4.34/reactor-core-3.4.34.jar:/builds/gitflic/gitflic/.m2/repository/org/reactivestreams/reactive-streams/1.0.4/reactive-streams-1.0.4.jar:/builds/gitflic/gitflic/.m2/repository/io/reactivex/rxjava3/rxjava/3.1.6/rxjava-3.1.6.jar:/builds/gitflic/gitflic/.m2/repository/org/jboss/marshalling/jboss-marshalling/2.0.11.Final/jboss-marshalling-2.0.11.Final.jar:/builds/gitflic/gitflic/.m2/repository/org/jboss/marshalling/jboss-marshalling-river/2.0.11.Final/jboss-marshalling-river-2.0.11.Final.jar:/builds/gitflic/gitflic/.m2/repository/com/esotericsoftware/kryo/5.5.0/kryo-5.5.0.jar:/builds/gitflic/gitflic/.m2/repository/com/esotericsoftware/reflectasm/1.11.9/reflectasm-1.11.9.jar:/builds/gitflic/gitflic/.m2/repository/com/esotericsoftware/minlog/1.3.1/minlog-1.3.1.jar:/builds/gitflic/gitflic/.m2/repository/net/bytebuddy/byte-buddy/1.12.23/byte-buddy-1.12.23.jar:/builds/gitflic/gitflic/.m2/repository/org/jodd/jodd-bean/5.1.6/jodd-bean-5.1.6.jar:/builds/gitflic/gitflic/.m2/repository/org/jodd/jodd-core/5.1.6/jodd-core-5.1.6.jar:/builds/gitflic/gitflic/.m2/repository/org/instancio/instancio-junit/3.7.1/instancio-junit-3.7.1.jar:/builds/gitflic/gitflic/.m2/repository/org/instancio/instancio-core/3.7.1/instancio-core-3.7.1.jar:/builds/gitflic/gitflic/.m2/repository/org/eclipse/jgit/org.eclipse.jgit.junit/6.8.0.202311151710-m2/org.eclipse.jgit.junit-6.8.0.202311151710-m2.jar:/builds/gitflic/gitflic/.m2/repository/org/cyclonedx/cyclonedx-core-java/9.0.0/cyclonedx-core-java-9.0.0.jar:/builds/gitflic/gitflic/.m2/repository/com/github/package-url/packageurl-java/1.5.0/packageurl-java-1.5.0.jar:/builds/gitflic/gitflic/.m2/repository/com/fasterxml/jackson/dataformat/jackson-dataformat-xml/2.13.5/jackson-dataformat-xml-2.13.5.jar:/builds/gitflic/gitflic/.m2/repository/org/codehaus/woodstox/stax2-api/4.2.1/stax2-api-4.2.1.jar:/builds/gitflic/gitflic/.m2/repository/com/fasterxml/woodstox/woodstox-core/6.4.0/woodstox-core-6.4.0.jar:/builds/gitflic/gitflic/.m2/repository/com/networknt/json-schema-validator/1.4.0/json-schema-validator-1.4.0.jar:/builds/gitflic/gitflic/.m2/repository/com/ethlo/time/itu/1.8.0/itu-1.8.0.jar:/builds/gitflic/gitflic/.m2/repository/org/junit/platform/junit-platform-launcher/1.8.2/junit-platform-launcher-1.8.2.jar:/builds/gitflic/gitflic/.m2/repository/org/junit/platform/junit-platform-engine/1.8.2/junit-platform-engine-1.8.2.jar:/builds/gitflic/gitflic/.m2/repository/org/opentest4j/opentest4j/1.2.0/opentest4j-1.2.0.jar:/builds/gitflic/gitflic/.m2/repository/org/junit/platform/junit-platform-commons/1.8.2/junit-platform-commons-1.8.2.jar:/builds/gitflic/gitflic/.m2/repository/org/apiguardian/apiguardian-api/1.1.2/apiguardian-api-1.1.2.jar:/builds/gitflic/gitflic/.m2/repository/org/junit/vintage/junit-vintage-engine/5.8.2/junit-vintage-engine-5.8.2.jar:/builds/gitflic/gitflic/.m2/repository/com/nimbusds/nimbus-jose-jwt/9.40/nimbus-jose-jwt-9.40.jar:"/>
    <property name="sun.cpu.endian" value="little"/>
    <property name="user.home" value="/root"/>
    <property name="user.language" value="en"/>
    <property name="java.specification.vendor" value="Oracle Corporation"/>
    <property name="java.version.date" value="2022-04-22"/>
    <property name="java.home" value="/usr/lib/jvm/jdk-11.0.15.1-bellsoft-x86_64"/>
    <property name="file.separator" value="/"/>
    <property name="basedir" value="/builds/gitflic/gitflic/core"/>
    <property name="java.vm.compressedOopsMode" value="32-bit"/>
    <property name="line.separator" value="&#10;"/>
    <property name="java.specification.name" value="Java Platform API Specification"/>
    <property name="java.vm.specification.vendor" value="Oracle Corporation"/>
    <property name="java.awt.graphicsenv" value="sun.awt.X11GraphicsEnvironment"/>
    <property name="repo.pass" value="20de956e-447e-43ca-a385-5fe4e0bc680b"/>
    <property name="surefire.real.class.path" value="/builds/gitflic/gitflic/core/target/surefire/surefirebooter3437396564810358032.jar"/>
    <property name="sun.management.compiler" value="HotSpot 64-Bit Tiered Compilers"/>
    <property name="java.runtime.version" value="11.0.15.1+2-LTS"/>
    <property name="user.name" value="root"/>
    <property name="path.separator" value=":"/>
    <property name="os.version" value="5.4.0-153-generic"/>
    <property name="java.runtime.name" value="OpenJDK Runtime Environment"/>
    <property name="file.encoding" value="UTF-8"/>
    <property name="java.vm.name" value="OpenJDK 64-Bit Server VM"/>
    <property name="repo.login" value="cibot@gitflic.ru"/>
    <property name="localRepository" value="/builds/gitflic/gitflic/.m2/repository"/>
    <property name="java.vendor.url.bug" value="https://bell-sw.com/support"/>
    <property name="java.io.tmpdir" value="/tmp"/>
    <property name="java.version" value="11.0.15.1"/>
    <property name="user.dir" value="/builds/gitflic/gitflic/core"/>
    <property name="os.arch" value="amd64"/>
    <property name="java.vm.specification.name" value="Java Virtual Machine Specification"/>
    <property name="java.awt.printerjob" value="sun.print.PSPrinterJob"/>
    <property name="sun.os.patch.level" value="unknown"/>
    <property name="java.library.path" value="/usr/java/packages/lib:/usr/lib64:/lib64:/lib:/usr/lib"/>
    <property name="java.vm.info" value="mixed mode"/>
    <property name="java.vendor" value="BellSoft"/>
    <property name="java.vm.version" value="11.0.15.1+2-LTS"/>
    <property name="sun.io.unicode.encoding" value="UnicodeLittle"/>
    <property name="maven.repo.local" value=".m2/repository"/>
    <property name="java.class.version" value="55.0"/>
  </properties>
  <testcase name="checkSignInIfProfileInfoIsInvalidShouldThrowException" classname="com.gitflic.core.service.oauth2.YandexOauth2ConnectOAuth2ServiceTest" time="0.169"/>
  <testcase name="checkConnectIfOauthConnectionDoesNotAlreadyExistShouldReturnValidConnection" classname="com.gitflic.core.service.oauth2.YandexOauth2ConnectOAuth2ServiceTest" time="0.01"/>
  <testcase name="checkConnectIfBadResponseForProfileInfoShouldThrowException" classname="com.gitflic.core.service.oauth2.YandexOauth2ConnectOAuth2ServiceTest" time="0.007"/>
  <testcase name="checkConnectIfUserConnectionAlreadyExistThrowsException" classname="com.gitflic.core.service.oauth2.YandexOauth2ConnectOAuth2ServiceTest" time="0.007"/>
  <testcase name="checkSignInIfBadResponseStatusShouldThrowException" classname="com.gitflic.core.service.oauth2.YandexOauth2ConnectOAuth2ServiceTest" time="0.004"/>
  <testcase name="checkSignInIfResponseBodyIsNullShouldThrowException" classname="com.gitflic.core.service.oauth2.YandexOauth2ConnectOAuth2ServiceTest" time="0.004"/>
  <testcase name="checkSignInIfOauthConnectionIsAlreadyExistShouldAuthenticate" classname="com.gitflic.core.service.oauth2.YandexOauth2ConnectOAuth2ServiceTest" time="0.008"/>
  <testcase name="checkConnectIfBadResponseStatusShouldThrowException" classname="com.gitflic.core.service.oauth2.YandexOauth2ConnectOAuth2ServiceTest" time="0.005"/>
  <testcase name="checkConnectIfAppUserIsAlreadyTaken" classname="com.gitflic.core.service.oauth2.YandexOauth2ConnectOAuth2ServiceTest" time="0.006"/>
  <testcase name="checkSignInIfOauthConnectionDoesNotExistShouldRegister" classname="com.gitflic.core.service.oauth2.YandexOauth2ConnectOAuth2ServiceTest" time="0.017"/>
  <testcase name="checkConnectIfUserIsBanned" classname="com.gitflic.core.service.oauth2.YandexOauth2ConnectOAuth2ServiceTest" time="0.008"/>
  <testcase name="checkConnectIfResponseBodyIsNullShouldThrowException" classname="com.gitflic.core.service.oauth2.YandexOauth2ConnectOAuth2ServiceTest" time="0.004"/>
  <testcase name="checkConnectIfInvalidTokenModelShouldThrowException" classname="com.gitflic.core.service.oauth2.YandexOauth2ConnectOAuth2ServiceTest" time="0.009"/>
</testsuite>